[0.008s] Invoking command in '/home/zjy/Inference-for-RDKx5/autoaim/build/armor_detector': AMENT_PREFIX_PATH=/home/zjy/Inference-for-RDKx5/autoaim/install/auto_aim_interfaces:${AMENT_PREFIX_PATH} CMAKE_PREFIX_PATH=/home/zjy/Inference-for-RDKx5/autoaim/install/auto_aim_interfaces:/opt/ros/humble LD_LIBRARY_PATH=/home/zjy/Inference-for-RDKx5/autoaim/install/auto_aim_interfaces/lib:/opt/MVS/lib/64:/opt/MVS/lib/32:/opt/ros/humble/opt/rviz_ogre_vendor/lib:/opt/ros/humble/lib/x86_64-linux-gnu:/opt/ros/humble/lib:/opt/MVS/lib/64:/opt/MVS/lib/32:/opt/MVS/lib/64:/opt/MVS/lib/32 PYTHONPATH=/home/zjy/Inference-for-RDKx5/autoaim/install/auto_aim_interfaces/local/lib/python3.10/dist-packages:${PYTHONPATH} /usr/bin/cmake --build /home/zjy/Inference-for-RDKx5/autoaim/build/armor_detector -- -j32 -l32
[0.039s] [35m[1mConsolidate compiler generated dependencies of target gtest[0m
[0.039s] [35m[1mConsolidate compiler generated dependencies of target armor_detector_node[0m
[0.039s] [35m[1mConsolidate compiler generated dependencies of target gtest_main[0m
[0.041s] [35m[1mConsolidate compiler generated dependencies of target armor_detector[0m
[0.053s] [ 11%] Built target gtest
[0.053s] [ 23%] Built target gtest_main
[0.056s] [ 35%] Built target armor_detector_node
[0.062s] [ 47%] [32mBuilding CXX object CMakeFiles/armor_detector.dir/src/yolo.cpp.o[0m
[0.062s] [ 47%] [32mBuilding CXX object CMakeFiles/armor_detector.dir/src/detector_node.cpp.o[0m
[0.062s] [ 52%] [32mBuilding CXX object CMakeFiles/armor_detector.dir/src/yolo11.cpp.o[0m
[0.801s] In file included from [01m[K/home/zjy/Inference-for-RDKx5/autoaim/rm_auto_aim/armor_detector/src/yolo11.cpp:1[m[K:
[0.801s] [01m[K/home/zjy/Inference-for-RDKx5/autoaim/rm_auto_aim/armor_detector/include/armor_detector/yolo11.hpp:35:3:[m[K [01;31m[Kerror: [m[K‚Äò[01m[Kov[m[K‚Äô does not name a type
[0.801s]    35 |   [01;31m[Kov[m[K::Core core_;
[0.801s]       |   [01;31m[K^~[m[K
[0.801s] [01m[K/home/zjy/Inference-for-RDKx5/autoaim/rm_auto_aim/armor_detector/include/armor_detector/yolo11.hpp:36:3:[m[K [01;31m[Kerror: [m[K‚Äò[01m[Kov[m[K‚Äô does not name a type
[0.801s]    36 |   [01;31m[Kov[m[K::CompiledModel compiled_model_;
[0.801s]       |   [01;31m[K^~[m[K
[0.816s] In file included from [01m[K/home/zjy/Inference-for-RDKx5/autoaim/rm_auto_aim/armor_detector/src/yolo.cpp:5[m[K:
[0.816s] [01m[K/home/zjy/Inference-for-RDKx5/autoaim/rm_auto_aim/armor_detector/include/armor_detector/yolo11.hpp:35:3:[m[K [01;31m[Kerror: [m[K‚Äò[01m[Kov[m[K‚Äô does not name a type
[0.816s]    35 |   [01;31m[Kov[m[K::Core core_;
[0.816s]       |   [01;31m[K^~[m[K
[0.816s] [01m[K/home/zjy/Inference-for-RDKx5/autoaim/rm_auto_aim/armor_detector/include/armor_detector/yolo11.hpp:36:3:[m[K [01;31m[Kerror: [m[K‚Äò[01m[Kov[m[K‚Äô does not name a type
[0.817s]    36 |   [01;31m[Kov[m[K::CompiledModel compiled_model_;
[0.817s]       |   [01;31m[K^~[m[K
[0.817s] [01m[K/home/zjy/Inference-for-RDKx5/autoaim/rm_auto_aim/armor_detector/src/yolo.cpp:10:1:[m[K [01;31m[Kerror: [m[K‚Äò[01m[KYOLO[m[K‚Äô does not name a type
[0.817s]    10 | [01;31m[KYOLO[m[K::YOLO(const std::string & config_path, bool debug)
[0.817s]       | [01;31m[K^~~~[m[K
[0.818s] [01m[K/home/zjy/Inference-for-RDKx5/autoaim/rm_auto_aim/armor_detector/src/yolo.cpp:24:11:[m[K [01;31m[Kerror: [m[K‚Äò[01m[KArmor[m[K‚Äô was not declared in this scope; did you mean ‚Äò[01m[Krm_auto_aim::Armor[m[K‚Äô?
[0.818s]    24 | std::list<[01;31m[KArmor[m[K> YOLO::detect(const cv::Mat & img, int frame_count)
[0.818s]       |           [01;31m[K^~~~~[m[K
[0.818s]       |           [32m[Krm_auto_aim::Armor[m[K
[0.818s] In file included from [01m[K/home/zjy/Inference-for-RDKx5/autoaim/rm_auto_aim/armor_detector/include/armor_detector/yolo.hpp:6[m[K,
[0.818s]                  from [01m[K/home/zjy/Inference-for-RDKx5/autoaim/rm_auto_aim/armor_detector/src/yolo.cpp:1[m[K:
[0.818s] [01m[K/home/zjy/Inference-for-RDKx5/autoaim/rm_auto_aim/armor_detector/include/armor_detector/armor.hpp:41:8:[m[K [01;36m[Knote: [m[K‚Äò[01m[Krm_auto_aim::Armor[m[K‚Äô declared here
[0.818s]    41 | struct [01;36m[KArmor[m[K
[0.818s]       |        [01;36m[K^~~~~[m[K
[0.818s] [01m[K/home/zjy/Inference-for-RDKx5/autoaim/rm_auto_aim/armor_detector/src/yolo.cpp:24:16:[m[K [01;31m[Kerror: [m[Ktemplate argument 1 is invalid
[0.818s]    24 | std::list<Armor[01;31m[K>[m[K YOLO::detect(const cv::Mat & img, int frame_count)
[0.818s]       |                [01;31m[K^[m[K
[0.818s] [01m[K/home/zjy/Inference-for-RDKx5/autoaim/rm_auto_aim/armor_detector/src/yolo.cpp:24:16:[m[K [01;31m[Kerror: [m[Ktemplate argument 2 is invalid
[0.818s] [01m[K/home/zjy/Inference-for-RDKx5/autoaim/rm_auto_aim/armor_detector/src/yolo.cpp:24:18:[m[K [01;31m[Kerror: [m[K‚Äò[01m[KYOLO[m[K‚Äô has not been declared
[0.818s]    24 | std::list<Armor> [01;31m[KYOLO[m[K::detect(const cv::Mat & img, int frame_count)
[0.818s]       |                  [01;31m[K^~~~[m[K
[0.820s] [01m[K/home/zjy/Inference-for-RDKx5/autoaim/rm_auto_aim/armor_detector/src/yolo.cpp:[m[K In function ‚Äò[01m[Kint auto_aim::detect(const cv::Mat&, int)[m[K‚Äô:
[0.820s] [01m[K/home/zjy/Inference-for-RDKx5/autoaim/rm_auto_aim/armor_detector/src/yolo.cpp:26:10:[m[K [01;31m[Kerror: [m[K‚Äò[01m[Kyolo_[m[K‚Äô was not declared in this scope
[0.820s]    26 |   return [01;31m[Kyolo_[m[K->detect(img, frame_count);
[0.820s]       |          [01;31m[K^~~~~[m[K
[0.820s] [01m[K/home/zjy/Inference-for-RDKx5/autoaim/rm_auto_aim/armor_detector/src/yolo.cpp:[m[K At global scope:
[0.820s] [01m[K/home/zjy/Inference-for-RDKx5/autoaim/rm_auto_aim/armor_detector/src/yolo.cpp:29:11:[m[K [01;31m[Kerror: [m[K‚Äò[01m[KArmor[m[K‚Äô was not declared in this scope; did you mean ‚Äò[01m[Krm_auto_aim::Armor[m[K‚Äô?
[0.820s]    29 | std::list<[01;31m[KArmor[m[K> YOLO::postprocess(
[0.820s]       |           [01;31m[K^~~~~[m[K
[0.820s]       |           [32m[Krm_auto_aim::Armor[m[K
[0.820s] In file included from [01m[K/home/zjy/Inference-for-RDKx5/autoaim/rm_auto_aim/armor_detector/include/armor_detector/yolo.hpp:6[m[K,
[0.820s]                  from [01m[K/home/zjy/Inference-for-RDKx5/autoaim/rm_auto_aim/armor_detector/src/yolo.cpp:1[m[K:
[0.820s] [01m[K/home/zjy/Inference-for-RDKx5/autoaim/rm_auto_aim/armor_detector/include/armor_detector/armor.hpp:41:8:[m[K [01;36m[Knote: [m[K‚Äò[01m[Krm_auto_aim::Armor[m[K‚Äô declared here
[0.820s]    41 | struct [01;36m[KArmor[m[K
[0.820s]       |        [01;36m[K^~~~~[m[K
[0.820s] [01m[K/home/zjy/Inference-for-RDKx5/autoaim/rm_auto_aim/armor_detector/src/yolo.cpp:29:16:[m[K [01;31m[Kerror: [m[Ktemplate argument 1 is invalid
[0.820s]    29 | std::list<Armor[01;31m[K>[m[K YOLO::postprocess(
[0.820s]       |                [01;31m[K^[m[K
[0.820s] [01m[K/home/zjy/Inference-for-RDKx5/autoaim/rm_auto_aim/armor_detector/src/yolo.cpp:29:16:[m[K [01;31m[Kerror: [m[Ktemplate argument 2 is invalid
[0.820s] [01m[K/home/zjy/Inference-for-RDKx5/autoaim/rm_auto_aim/armor_detector/src/yolo.cpp:29:18:[m[K [01;31m[Kerror: [m[K‚Äò[01m[KYOLO[m[K‚Äô has not been declared
[0.820s]    29 | std::list<Armor> [01;31m[KYOLO[m[K::postprocess(
[0.820s]       |                  [01;31m[K^~~~[m[K
[0.821s] [01m[K/home/zjy/Inference-for-RDKx5/autoaim/rm_auto_aim/armor_detector/src/yolo.cpp:[m[K In function ‚Äò[01m[Kint auto_aim::postprocess(double, cv::Mat&, const cv::Mat&, int)[m[K‚Äô:
[0.821s] [01m[K/home/zjy/Inference-for-RDKx5/autoaim/rm_auto_aim/armor_detector/src/yolo.cpp:32:10:[m[K [01;31m[Kerror: [m[K‚Äò[01m[Kyolo_[m[K‚Äô was not declared in this scope
[0.821s]    32 |   return [01;31m[Kyolo_[m[K->postprocess(scale, output, bgr_img, frame_count);
[0.821s]       |          [01;31m[K^~~~~[m[K
[1.017s] [01m[K/home/zjy/Inference-for-RDKx5/autoaim/rm_auto_aim/armor_detector/src/yolo11.cpp:[m[K In constructor ‚Äò[01m[Krm_auto_aim::YOLO11::YOLO11(const string&, bool)[m[K‚Äô:
[1.017s] [01m[K/home/zjy/Inference-for-RDKx5/autoaim/rm_auto_aim/armor_detector/src/yolo11.cpp:15:15:[m[K [01;31m[Kerror: [m[Kno matching function for call to ‚Äò[01m[Krm_auto_aim::Detector::Detector()[m[K‚Äô
[1.017s]    15 | : debug_(debug[01;31m[K)[m[K
[1.017s]       |               [01;31m[K^[m[K
[1.018s] In file included from [01m[K/home/zjy/Inference-for-RDKx5/autoaim/rm_auto_aim/armor_detector/include/armor_detector/yolo11.hpp:10[m[K,
[1.018s]                  from [01m[K/home/zjy/Inference-for-RDKx5/autoaim/rm_auto_aim/armor_detector/src/yolo11.cpp:1[m[K:
[1.018s] [01m[K/home/zjy/Inference-for-RDKx5/autoaim/rm_auto_aim/armor_detector/include/armor_detector/detector.hpp:50:3:[m[K [01;36m[Knote: [m[Kcandidate: ‚Äò[01m[Krm_auto_aim::Detector::Detector(const int&, const int&, const rm_auto_aim::Detector::LightParams&, const rm_auto_aim::Detector::ArmorParams&)[m[K‚Äô
[1.018s]    50 |   [01;36m[KDetector[m[K(const int & bin_thres, const int & color, const LightParams & l, const ArmorParams & a);
[1.018s]       |   [01;36m[K^~~~~~~~[m[K
[1.018s] [01m[K/home/zjy/Inference-for-RDKx5/autoaim/rm_auto_aim/armor_detector/include/armor_detector/detector.hpp:50:3:[m[K [01;36m[Knote: [m[K  candidate expects 4 arguments, 0 provided
[1.018s] [01m[K/home/zjy/Inference-for-RDKx5/autoaim/rm_auto_aim/armor_detector/include/armor_detector/detector.hpp:24:7:[m[K [01;36m[Knote: [m[Kcandidate: ‚Äò[01m[Krm_auto_aim::Detector::Detector(rm_auto_aim::Detector&&)[m[K‚Äô
[1.018s]    24 | class [01;36m[KDetector[m[K
[1.018s]       |       [01;36m[K^~~~~~~~[m[K
[1.018s] [01m[K/home/zjy/Inference-for-RDKx5/autoaim/rm_auto_aim/armor_detector/include/armor_detector/detector.hpp:24:7:[m[K [01;36m[Knote: [m[K  candidate expects 1 argument, 0 provided
[1.021s] [01m[K/home/zjy/Inference-for-RDKx5/autoaim/rm_auto_aim/armor_detector/src/yolo11.cpp:37:3:[m[K [01;31m[Kerror: [m[K‚Äò[01m[Knet_[m[K‚Äô was not declared in this scope
[1.021s]    37 |   [01;31m[Knet_[m[K = cv::dnn::readNet(model_path_);
[1.021s]       |   [01;31m[K^~~~[m[K
[1.026s] [01m[K/home/zjy/Inference-for-RDKx5/autoaim/rm_auto_aim/armor_detector/src/yolo11.cpp:[m[K In member function ‚Äò[01m[Kvirtual std::__cxx11::list<rm_auto_aim::Armor> rm_auto_aim::YOLO11::detect(const cv::Mat&, int)[m[K‚Äô:
[1.026s] [01m[K/home/zjy/Inference-for-RDKx5/autoaim/rm_auto_aim/armor_detector/src/yolo11.cpp:76:3:[m[K [01;31m[Kerror: [m[K‚Äò[01m[Knet_[m[K‚Äô was not declared in this scope
[1.026s]    76 |   [01;31m[Knet_[m[K.setInput(blob);
[1.026s]       |   [01;31m[K^~~~[m[K
[1.032s] [01m[K/home/zjy/Inference-for-RDKx5/autoaim/rm_auto_aim/armor_detector/src/yolo11.cpp:[m[K In member function ‚Äò[01m[Kstd::__cxx11::list<rm_auto_aim::Armor> rm_auto_aim::YOLO11::parse(double, cv::Mat&, const cv::Mat&, int)[m[K‚Äô:
[1.032s] [01m[K/home/zjy/Inference-for-RDKx5/autoaim/rm_auto_aim/armor_detector/src/yolo11.cpp:150:9:[m[K [01;31m[Kerror: [m[K‚Äò[01m[Kstruct rm_auto_aim::Armor[m[K‚Äô has no member named ‚Äò[01m[Kcenter_norm[m[K‚Äô
[1.032s]   150 |     it->[01;31m[Kcenter_norm[m[K = get_center_norm(bgr_img, it->center);
[1.032s]       |         [01;31m[K^~~~~~~~~~~[m[K
[1.066s] gmake[2]: *** [CMakeFiles/armor_detector.dir/build.make:132ÔºöCMakeFiles/armor_detector.dir/src/yolo.cpp.o] ÈîôËØØ 1
[1.066s] gmake[2]: *** Ê≠£Âú®Á≠âÂæÖÊú™ÂÆåÊàêÁöÑ‰ªªÂä°....
[1.116s] [01m[K/home/zjy/Inference-for-RDKx5/autoaim/rm_auto_aim/armor_detector/src/yolo11.cpp:[m[K In member function ‚Äò[01m[Kbool rm_auto_aim::YOLO11::check_name(const rm_auto_aim::Armor&) const[m[K‚Äô:
[1.116s] [01m[K/home/zjy/Inference-for-RDKx5/autoaim/rm_auto_aim/armor_detector/src/yolo11.cpp:161:24:[m[K [01;31m[Kerror: [m[K‚Äò[01m[Kconst struct rm_auto_aim::Armor[m[K‚Äô has no member named ‚Äò[01m[Kname[m[K‚Äô
[1.116s]   161 |   auto name_ok = armor.[01;31m[Kname[m[K != ArmorName::not_armor;
[1.116s]       |                        [01;31m[K^~~~[m[K
[1.116s] [01m[K/home/zjy/Inference-for-RDKx5/autoaim/rm_auto_aim/armor_detector/src/yolo11.cpp:161:32:[m[K [01;31m[Kerror: [m[K‚Äò[01m[KArmorName[m[K‚Äô has not been declared
[1.116s]   161 |   auto name_ok = armor.name != [01;31m[KArmorName[m[K::not_armor;
[1.116s]       |                                [01;31m[K^~~~~~~~~[m[K
[1.116s] [01m[K/home/zjy/Inference-for-RDKx5/autoaim/rm_auto_aim/armor_detector/src/yolo11.cpp:[m[K In member function ‚Äò[01m[Kbool rm_auto_aim::YOLO11::check_type(const rm_auto_aim::Armor&) const[m[K‚Äô:
[1.116s] [01m[K/home/zjy/Inference-for-RDKx5/autoaim/rm_auto_aim/armor_detector/src/yolo11.cpp:169:44:[m[K [01;31m[Kerror: [m[K‚Äò[01m[Ksmall[m[K‚Äô is not a member of ‚Äò[01m[Krm_auto_aim::ArmorType[m[K‚Äô
[1.116s]   169 |   auto name_ok = (armor.type == ArmorType::[01;31m[Ksmall[m[K)
[1.116s]       |                                            [01;31m[K^~~~~[m[K
[1.116s] [01m[K/home/zjy/Inference-for-RDKx5/autoaim/rm_auto_aim/armor_detector/src/yolo11.cpp:170:29:[m[K [01;31m[Kerror: [m[K‚Äò[01m[Kconst struct rm_auto_aim::Armor[m[K‚Äô has no member named ‚Äò[01m[Kname[m[K‚Äô
[1.116s]   170 |                    ? (armor.[01;31m[Kname[m[K != ArmorName::one && armor.name != ArmorName::base)
[1.116s]       |                             [01;31m[K^~~~[m[K
[1.116s] [01m[K/home/zjy/Inference-for-RDKx5/autoaim/rm_auto_aim/armor_detector/src/yolo11.cpp:170:37:[m[K [01;31m[Kerror: [m[K‚Äò[01m[KArmorName[m[K‚Äô has not been declared
[1.116s]   170 |                    ? (armor.name != [01;31m[KArmorName[m[K::one && armor.name != ArmorName::base)
[1.116s]       |                                     [01;31m[K^~~~~~~~~[m[K
[1.116s] [01m[K/home/zjy/Inference-for-RDKx5/autoaim/rm_auto_aim/armor_detector/src/yolo11.cpp:170:61:[m[K [01;31m[Kerror: [m[K‚Äò[01m[Kconst struct rm_auto_aim::Armor[m[K‚Äô has no member named ‚Äò[01m[Kname[m[K‚Äô
[1.116s]   170 |                    ? (armor.name != ArmorName::one && armor.[01;31m[Kname[m[K != ArmorName::base)
[1.116s]       |                                                             [01;31m[K^~~~[m[K
[1.116s] [01m[K/home/zjy/Inference-for-RDKx5/autoaim/rm_auto_aim/armor_detector/src/yolo11.cpp:170:69:[m[K [01;31m[Kerror: [m[K‚Äò[01m[KArmorName[m[K‚Äô has not been declared
[1.116s]   170 |                    ? (armor.name != ArmorName::one && armor.name != [01;31m[KArmorName[m[K::base)
[1.116s]       |                                                                     [01;31m[K^~~~~~~~~[m[K
[1.116s] [01m[K/home/zjy/Inference-for-RDKx5/autoaim/rm_auto_aim/armor_detector/src/yolo11.cpp:171:29:[m[K [01;31m[Kerror: [m[K‚Äò[01m[Kconst struct rm_auto_aim::Armor[m[K‚Äô has no member named ‚Äò[01m[Kname[m[K‚Äô
[1.116s]   171 |                    : (armor.[01;31m[Kname[m[K != ArmorName::two && armor.name != ArmorName::sentry &&
[1.116s]       |                             [01;31m[K^~~~[m[K
[1.116s] [01m[K/home/zjy/Inference-for-RDKx5/autoaim/rm_auto_aim/armor_detector/src/yolo11.cpp:171:37:[m[K [01;31m[Kerror: [m[K‚Äò[01m[KArmorName[m[K‚Äô has not been declared
[1.116s]   171 |                    : (armor.name != [01;31m[KArmorName[m[K::two && armor.name != ArmorName::sentry &&
[1.116s]       |                                     [01;31m[K^~~~~~~~~[m[K
[1.116s] [01m[K/home/zjy/Inference-for-RDKx5/autoaim/rm_auto_aim/armor_detector/src/yolo11.cpp:171:61:[m[K [01;31m[Kerror: [m[K‚Äò[01m[Kconst struct rm_auto_aim::Armor[m[K‚Äô has no member named ‚Äò[01m[Kname[m[K‚Äô
[1.116s]   171 |                    : (armor.name != ArmorName::two && armor.[01;31m[Kname[m[K != ArmorName::sentry &&
[1.116s]       |                                                             [01;31m[K^~~~[m[K
[1.116s] [01m[K/home/zjy/Inference-for-RDKx5/autoaim/rm_auto_aim/armor_detector/src/yolo11.cpp:171:69:[m[K [01;31m[Kerror: [m[K‚Äò[01m[KArmorName[m[K‚Äô has not been declared
[1.116s]   171 |                    : (armor.name != ArmorName::two && armor.name != [01;31m[KArmorName[m[K::sentry &&
[1.116s]       |                                                                     [01;31m[K^~~~~~~~~[m[K
[1.116s] [01m[K/home/zjy/Inference-for-RDKx5/autoaim/rm_auto_aim/armor_detector/src/yolo11.cpp:172:29:[m[K [01;31m[Kerror: [m[K‚Äò[01m[Kconst struct rm_auto_aim::Armor[m[K‚Äô has no member named ‚Äò[01m[Kname[m[K‚Äô
[1.116s]   172 |                       armor.[01;31m[Kname[m[K != ArmorName::outpost);
[1.116s]       |                             [01;31m[K^~~~[m[K
[1.116s] [01m[K/home/zjy/Inference-for-RDKx5/autoaim/rm_auto_aim/armor_detector/src/yolo11.cpp:172:37:[m[K [01;31m[Kerror: [m[K‚Äò[01m[KArmorName[m[K‚Äô has not been declared
[1.116s]   172 |                       armor.name != [01;31m[KArmorName[m[K::outpost);
[1.116s]       |                                     [01;31m[K^~~~~~~~~[m[K
[1.120s] [01m[K/home/zjy/Inference-for-RDKx5/autoaim/rm_auto_aim/armor_detector/src/yolo11.cpp:[m[K In member function ‚Äò[01m[Kvoid rm_auto_aim::YOLO11::draw_detections(const cv::Mat&, const std::__cxx11::list<rm_auto_aim::Armor>&, int) const[m[K‚Äô:
[1.120s] [01m[K/home/zjy/Inference-for-RDKx5/autoaim/rm_auto_aim/armor_detector/src/yolo11.cpp:219:44:[m[K [01;31m[Kerror: [m[K‚Äò[01m[KCOLORS[m[K‚Äô was not declared in this scope
[1.120s]   219 |       "{:.2f} {} {} {}", armor.confidence, [01;31m[KCOLORS[m[K[armor.color], ARMOR_NAMES[armor.name],
[1.120s]       |                                            [01;31m[K^~~~~~[m[K
[1.120s] [01m[K/home/zjy/Inference-for-RDKx5/autoaim/rm_auto_aim/armor_detector/src/yolo11.cpp:219:57:[m[K [01;31m[Kerror: [m[K‚Äò[01m[Kconst struct rm_auto_aim::Armor[m[K‚Äô has no member named ‚Äò[01m[Kcolor[m[K‚Äô
[1.120s]   219 |       "{:.2f} {} {} {}", armor.confidence, COLORS[armor.[01;31m[Kcolor[m[K], ARMOR_NAMES[armor.name],
[1.120s]       |                                                         [01;31m[K^~~~~[m[K
[1.123s] [01m[K/home/zjy/Inference-for-RDKx5/autoaim/rm_auto_aim/armor_detector/src/yolo11.cpp:219:65:[m[K [01;31m[Kerror: [m[K‚Äò[01m[KARMOR_NAMES[m[K‚Äô was not declared in this scope
[1.124s]   219 |       "{:.2f} {} {} {}", armor.confidence, COLORS[armor.color], [01;31m[KARMOR_NAMES[m[K[armor.name],
[1.124s]       |                                                                 [01;31m[K^~~~~~~~~~~[m[K
[1.124s] [01m[K/home/zjy/Inference-for-RDKx5/autoaim/rm_auto_aim/armor_detector/src/yolo11.cpp:219:83:[m[K [01;31m[Kerror: [m[K‚Äò[01m[Kconst struct rm_auto_aim::Armor[m[K‚Äô has no member named ‚Äò[01m[Kname[m[K‚Äô
[1.124s]   219 |       "{:.2f} {} {} {}", armor.confidence, COLORS[armor.color], ARMOR_NAMES[armor.[01;31m[Kname[m[K],
[1.124s]       |                                                                                   [01;31m[K^~~~[m[K
[1.127s] [01m[K/home/zjy/Inference-for-RDKx5/autoaim/rm_auto_aim/armor_detector/src/yolo11.cpp:220:7:[m[K [01;31m[Kerror: [m[K‚Äò[01m[KARMOR_TYPES[m[K‚Äô was not declared in this scope; did you mean ‚Äò[01m[KARMOR_TYPE_STR[m[K‚Äô?
[1.127s]   220 |       [01;31m[KARMOR_TYPES[m[K[armor.type]);
[1.127s]       |       [01;31m[K^~~~~~~~~~~[m[K
[1.127s]       |       [32m[KARMOR_TYPE_STR[m[K
[1.127s] [01m[K/home/zjy/Inference-for-RDKx5/autoaim/rm_auto_aim/armor_detector/src/yolo11.cpp:221:41:[m[K [01;31m[Kerror: [m[K‚Äò[01m[Kconst struct rm_auto_aim::Armor[m[K‚Äô has no member named ‚Äò[01m[Kpoints[m[K‚Äô
[1.127s]   221 |     tools::draw_points(detection, armor.[01;31m[Kpoints[m[K, {0, 255, 0});
[1.127s]       |                                         [01;31m[K^~~~~~[m[K
[1.127s] [01m[K/home/zjy/Inference-for-RDKx5/autoaim/rm_auto_aim/armor_detector/src/yolo11.cpp:[m[K In member function ‚Äò[01m[Kvoid rm_auto_aim::YOLO11::save(const rm_auto_aim::Armor&) const[m[K‚Äô:
[1.128s] [01m[K/home/zjy/Inference-for-RDKx5/autoaim/rm_auto_aim/armor_detector/src/yolo11.cpp:236:65:[m[K [01;31m[Kerror: [m[K‚Äò[01m[Kconst struct rm_auto_aim::Armor[m[K‚Äô has no member named ‚Äò[01m[Kname[m[K‚Äô
[1.128s]   236 |   auto img_path = fmt::format("{}/{}_{}.jpg", save_path_, armor.[01;31m[Kname[m[K, file_name);
[1.128s]       |                                                                 [01;31m[K^~~~[m[K
[1.879s] In file included from [01m[K/home/zjy/Inference-for-RDKx5/autoaim/rm_auto_aim/armor_detector/include/armor_detector/detector_node.hpp:28[m[K,
[1.879s]                  from [01m[K/home/zjy/Inference-for-RDKx5/autoaim/rm_auto_aim/armor_detector/src/detector_node.cpp:26[m[K:
[1.879s] [01m[K/home/zjy/Inference-for-RDKx5/autoaim/rm_auto_aim/armor_detector/include/armor_detector/yolo11.hpp:35:3:[m[K [01;31m[Kerror: [m[K‚Äò[01m[Kov[m[K‚Äô does not name a type
[1.879s]    35 |   [01;31m[Kov[m[K::Core core_;
[1.879s]       |   [01;31m[K^~[m[K
[1.879s] [01m[K/home/zjy/Inference-for-RDKx5/autoaim/rm_auto_aim/armor_detector/include/armor_detector/yolo11.hpp:36:3:[m[K [01;31m[Kerror: [m[K‚Äò[01m[Kov[m[K‚Äô does not name a type
[1.879s]    36 |   [01;31m[Kov[m[K::CompiledModel compiled_model_;
[1.879s]       |   [01;31m[K^~[m[K
[1.880s] In file included from [01m[K/home/zjy/Inference-for-RDKx5/autoaim/rm_auto_aim/armor_detector/src/detector_node.cpp:26[m[K:
[1.880s] [01m[K/home/zjy/Inference-for-RDKx5/autoaim/rm_auto_aim/armor_detector/include/armor_detector/detector_node.hpp:42:38:[m[K [01;31m[Kerror: [m[Kexpected ‚Äò[01m[K;[m[K‚Äô at end of member declaration
[1.880s]    42 |   std::unique_ptr<YOLO11> initYOLO11([01;31m[K)[m[K
[1.880s]       |                                      [01;31m[K^[m[K
[1.880s]       |                                       [32m[K;[m[K
[1.930s] In file included from [01m[K/usr/include/x86_64-linux-gnu/c++/11/bits/c++allocator.h:33[m[K,
[1.930s]                  from [01m[K/usr/include/c++/11/bits/allocator.h:46[m[K,
[1.930s]                  from [01m[K/usr/include/c++/11/list:61[m[K,
[1.930s]                  from [01m[K/home/zjy/Inference-for-RDKx5/autoaim/rm_auto_aim/armor_detector/include/armor_detector/yolo11.hpp:4[m[K,
[1.930s]                  from [01m[K/home/zjy/Inference-for-RDKx5/autoaim/rm_auto_aim/armor_detector/src/yolo11.cpp:1[m[K:
[1.930s] /usr/include/c++/11/ext/new_allocator.h: In instantiation of ‚Äò[01m[Kvoid __gnu_cxx::new_allocator<_Tp>::construct(_Up*, _Args&& ...) [with _Up = rm_auto_aim::Armor; _Args = {int&, float&, cv::Rect_<int>&, std::vector<cv::Point_<float>, std::allocator<cv::Point_<float> > >&, cv::Point_<float>&}; _Tp = std::_List_node<rm_auto_aim::Armor>][m[K‚Äô:
[1.930s] [01m[K/usr/include/c++/11/bits/alloc_traits.h:516:17:[m[K   required from ‚Äò[01m[Kstatic void std::allocator_traits<std::allocator<_Tp1> >::construct(std::allocator_traits<std::allocator<_Tp1> >::allocator_type&, _Up*, _Args&& ...) [with _Up = rm_auto_aim::Armor; _Args = {int&, float&, cv::Rect_<int>&, std::vector<cv::Point_<float>, std::allocator<cv::Point_<float> > >&, cv::Point_<float>&}; _Tp = std::_List_node<rm_auto_aim::Armor>; std::allocator_traits<std::allocator<_Tp1> >::allocator_type = std::allocator<std::_List_node<rm_auto_aim::Armor> >][m[K‚Äô
[1.930s] [01m[K/usr/include/c++/11/bits/stl_list.h:638:33:[m[K   required from ‚Äò[01m[Kstd::__cxx11::list<_Tp, _Alloc>::_Node* std::__cxx11::list<_Tp, _Alloc>::_M_create_node(_Args&& ...) [with _Args = {int&, float&, cv::Rect_<int>&, std::vector<cv::Point_<float>, std::allocator<cv::Point_<float> > >&, cv::Point_<float>&}; _Tp = rm_auto_aim::Armor; _Alloc = std::allocator<rm_auto_aim::Armor>; std::__cxx11::list<_Tp, _Alloc>::_Node = std::__cxx11::list<rm_auto_aim::Armor>::_Node][m[K‚Äô
[1.930s] [01m[K/usr/include/c++/11/bits/stl_list.h:1912:32:[m[K   required from ‚Äò[01m[Kvoid std::__cxx11::list<_Tp, _Alloc>::_M_insert(std::__cxx11::list<_Tp, _Alloc>::iterator, _Args&& ...) [with _Args = {int&, float&, cv::Rect_<int>&, std::vector<cv::Point_<float>, std::allocator<cv::Point_<float> > >&, cv::Point_<float>&}; _Tp = rm_auto_aim::Armor; _Alloc = std::allocator<rm_auto_aim::Armor>; std::__cxx11::list<_Tp, _Alloc>::iterator = std::__cxx11::list<rm_auto_aim::Armor>::iterator][m[K‚Äô
[1.930s] [01m[K/usr/include/c++/11/bits/stl_list.h:1228:19:[m[K   required from ‚Äò[01m[Kstd::__cxx11::list<_Tp, _Alloc>::reference std::__cxx11::list<_Tp, _Alloc>::emplace_back(_Args&& ...) [with _Args = {int&, float&, cv::Rect_<int>&, std::vector<cv::Point_<float>, std::allocator<cv::Point_<float> > >&, cv::Point_<float>&}; _Tp = rm_auto_aim::Armor; _Alloc = std::allocator<rm_auto_aim::Armor>; std::__cxx11::list<_Tp, _Alloc>::reference = rm_auto_aim::Armor&][m[K‚Äô
[1.930s] [01m[K/home/zjy/Inference-for-RDKx5/autoaim/rm_auto_aim/armor_detector/src/yolo11.cpp:133:26:[m[K   required from here
[1.931s] [01m[K/usr/include/c++/11/ext/new_allocator.h:162:11:[m[K [01;31m[Kerror: [m[Kno matching function for call to ‚Äò[01m[Krm_auto_aim::Armor::Armor(int&, float&, cv::Rect_<int>&, std::vector<cv::Point_<float> >&, cv::Point_<float>&)[m[K‚Äô
[1.931s]   162 |         { [01;31m[K::new((void *)__p) _Up(std::forward<_Args>(__args)...)[m[K; }
[1.931s]       |           [01;31m[K^~~~~~~~~~~~~~~~~~~~~~~~~~~~~~~~~~~~~~~~~~~~~~~~~~~~~~[m[K
[1.931s] In file included from [01m[K/home/zjy/Inference-for-RDKx5/autoaim/rm_auto_aim/armor_detector/include/armor_detector/yolo11.hpp:9[m[K,
[1.931s]                  from [01m[K/home/zjy/Inference-for-RDKx5/autoaim/rm_auto_aim/armor_detector/src/yolo11.cpp:1[m[K:
[1.931s] [01m[K/home/zjy/Inference-for-RDKx5/autoaim/rm_auto_aim/armor_detector/include/armor_detector/armor.hpp:44:3:[m[K [01;36m[Knote: [m[Kcandidate: ‚Äò[01m[Krm_auto_aim::Armor::Armor(const rm_auto_aim::Light&, const rm_auto_aim::Light&)[m[K‚Äô
[1.931s]    44 |   [01;36m[KArmor[m[K(const Light & l1, const Light & l2)
[1.931s]       |   [01;36m[K^~~~~[m[K
[1.931s] [01m[K/home/zjy/Inference-for-RDKx5/autoaim/rm_auto_aim/armor_detector/include/armor_detector/armor.hpp:44:3:[m[K [01;36m[Knote: [m[K  candidate expects 2 arguments, 5 provided
[1.931s] [01m[K/home/zjy/Inference-for-RDKx5/autoaim/rm_auto_aim/armor_detector/include/armor_detector/armor.hpp:43:3:[m[K [01;36m[Knote: [m[Kcandidate: ‚Äò[01m[Krm_auto_aim::Armor::Armor()[m[K‚Äô
[1.931s]    43 |   [01;36m[KArmor[m[K() = default;
[1.931s]       |   [01;36m[K^~~~~[m[K
[1.931s] [01m[K/home/zjy/Inference-for-RDKx5/autoaim/rm_auto_aim/armor_detector/include/armor_detector/armor.hpp:43:3:[m[K [01;36m[Knote: [m[K  candidate expects 0 arguments, 5 provided
[1.931s] [01m[K/home/zjy/Inference-for-RDKx5/autoaim/rm_auto_aim/armor_detector/include/armor_detector/armor.hpp:41:8:[m[K [01;36m[Knote: [m[Kcandidate: ‚Äò[01m[Krm_auto_aim::Armor::Armor(const rm_auto_aim::Armor&)[m[K‚Äô
[1.931s]    41 | struct [01;36m[KArmor[m[K
[1.931s]       |        [01;36m[K^~~~~[m[K
[1.931s] [01m[K/home/zjy/Inference-for-RDKx5/autoaim/rm_auto_aim/armor_detector/include/armor_detector/armor.hpp:41:8:[m[K [01;36m[Knote: [m[K  candidate expects 1 argument, 5 provided
[1.931s] [01m[K/home/zjy/Inference-for-RDKx5/autoaim/rm_auto_aim/armor_detector/include/armor_detector/armor.hpp:41:8:[m[K [01;36m[Knote: [m[Kcandidate: ‚Äò[01m[Krm_auto_aim::Armor::Armor(rm_auto_aim::Armor&&)[m[K‚Äô
[1.931s] [01m[K/home/zjy/Inference-for-RDKx5/autoaim/rm_auto_aim/armor_detector/include/armor_detector/armor.hpp:41:8:[m[K [01;36m[Knote: [m[K  candidate expects 1 argument, 5 provided
[1.931s] In file included from [01m[K/usr/include/x86_64-linux-gnu/c++/11/bits/c++allocator.h:33[m[K,
[1.931s]                  from [01m[K/usr/include/c++/11/bits/allocator.h:46[m[K,
[1.931s]                  from [01m[K/usr/include/c++/11/list:61[m[K,
[1.932s]                  from [01m[K/home/zjy/Inference-for-RDKx5/autoaim/rm_auto_aim/armor_detector/include/armor_detector/yolo11.hpp:4[m[K,
[1.932s]                  from [01m[K/home/zjy/Inference-for-RDKx5/autoaim/rm_auto_aim/armor_detector/src/yolo11.cpp:1[m[K:
[1.932s] /usr/include/c++/11/ext/new_allocator.h: In instantiation of ‚Äò[01m[Kvoid __gnu_cxx::new_allocator<_Tp>::construct(_Up*, _Args&& ...) [with _Up = rm_auto_aim::Armor; _Args = {int&, float&, cv::Rect_<int>&, std::vector<cv::Point_<float>, std::allocator<cv::Point_<float> > >&}; _Tp = std::_List_node<rm_auto_aim::Armor>][m[K‚Äô:
[1.932s] [01m[K/usr/include/c++/11/bits/alloc_traits.h:516:17:[m[K   required from ‚Äò[01m[Kstatic void std::allocator_traits<std::allocator<_Tp1> >::construct(std::allocator_traits<std::allocator<_Tp1> >::allocator_type&, _Up*, _Args&& ...) [with _Up = rm_auto_aim::Armor; _Args = {int&, float&, cv::Rect_<int>&, std::vector<cv::Point_<float>, std::allocator<cv::Point_<float> > >&}; _Tp = std::_List_node<rm_auto_aim::Armor>; std::allocator_traits<std::allocator<_Tp1> >::allocator_type = std::allocator<std::_List_node<rm_auto_aim::Armor> >][m[K‚Äô
[1.932s] [01m[K/usr/include/c++/11/bits/stl_list.h:638:33:[m[K   required from ‚Äò[01m[Kstd::__cxx11::list<_Tp, _Alloc>::_Node* std::__cxx11::list<_Tp, _Alloc>::_M_create_node(_Args&& ...) [with _Args = {int&, float&, cv::Rect_<int>&, std::vector<cv::Point_<float>, std::allocator<cv::Point_<float> > >&}; _Tp = rm_auto_aim::Armor; _Alloc = std::allocator<rm_auto_aim::Armor>; std::__cxx11::list<_Tp, _Alloc>::_Node = std::__cxx11::list<rm_auto_aim::Armor>::_Node][m[K‚Äô
[1.932s] [01m[K/usr/include/c++/11/bits/stl_list.h:1912:32:[m[K   required from ‚Äò[01m[Kvoid std::__cxx11::list<_Tp, _Alloc>::_M_insert(std::__cxx11::list<_Tp, _Alloc>::iterator, _Args&& ...) [with _Args = {int&, float&, cv::Rect_<int>&, std::vector<cv::Point_<float>, std::allocator<cv::Point_<float> > >&}; _Tp = rm_auto_aim::Armor; _Alloc = std::allocator<rm_auto_aim::Armor>; std::__cxx11::list<_Tp, _Alloc>::iterator = std::__cxx11::list<rm_auto_aim::Armor>::iterator][m[K‚Äô
[1.932s] [01m[K/usr/include/c++/11/bits/stl_list.h:1228:19:[m[K   required from ‚Äò[01m[Kstd::__cxx11::list<_Tp, _Alloc>::reference std::__cxx11::list<_Tp, _Alloc>::emplace_back(_Args&& ...) [with _Args = {int&, float&, cv::Rect_<int>&, std::vector<cv::Point_<float>, std::allocator<cv::Point_<float> > >&}; _Tp = rm_auto_aim::Armor; _Alloc = std::allocator<rm_auto_aim::Armor>; std::__cxx11::list<_Tp, _Alloc>::reference = rm_auto_aim::Armor&][m[K‚Äô
[1.932s] [01m[K/home/zjy/Inference-for-RDKx5/autoaim/rm_auto_aim/armor_detector/src/yolo11.cpp:135:26:[m[K   required from here
[1.932s] [01m[K/usr/include/c++/11/ext/new_allocator.h:162:11:[m[K [01;31m[Kerror: [m[Kno matching function for call to ‚Äò[01m[Krm_auto_aim::Armor::Armor(int&, float&, cv::Rect_<int>&, std::vector<cv::Point_<float> >&)[m[K‚Äô
[1.932s]   162 |         { [01;31m[K::new((void *)__p) _Up(std::forward<_Args>(__args)...)[m[K; }
[1.932s]       |           [01;31m[K^~~~~~~~~~~~~~~~~~~~~~~~~~~~~~~~~~~~~~~~~~~~~~~~~~~~~~[m[K
[1.932s] In file included from [01m[K/home/zjy/Inference-for-RDKx5/autoaim/rm_auto_aim/armor_detector/include/armor_detector/yolo11.hpp:9[m[K,
[1.932s]                  from [01m[K/home/zjy/Inference-for-RDKx5/autoaim/rm_auto_aim/armor_detector/src/yolo11.cpp:1[m[K:
[1.932s] [01m[K/home/zjy/Inference-for-RDKx5/autoaim/rm_auto_aim/armor_detector/include/armor_detector/armor.hpp:44:3:[m[K [01;36m[Knote: [m[Kcandidate: ‚Äò[01m[Krm_auto_aim::Armor::Armor(const rm_auto_aim::Light&, const rm_auto_aim::Light&)[m[K‚Äô
[1.932s]    44 |   [01;36m[KArmor[m[K(const Light & l1, const Light & l2)
[1.932s]       |   [01;36m[K^~~~~[m[K
[1.932s] [01m[K/home/zjy/Inference-for-RDKx5/autoaim/rm_auto_aim/armor_detector/include/armor_detector/armor.hpp:44:3:[m[K [01;36m[Knote: [m[K  candidate expects 2 arguments, 4 provided
[1.932s] [01m[K/home/zjy/Inference-for-RDKx5/autoaim/rm_auto_aim/armor_detector/include/armor_detector/armor.hpp:43:3:[m[K [01;36m[Knote: [m[Kcandidate: ‚Äò[01m[Krm_auto_aim::Armor::Armor()[m[K‚Äô
[1.932s]    43 |   [01;36m[KArmor[m[K() = default;
[1.932s]       |   [01;36m[K^~~~~[m[K
[1.932s] [01m[K/home/zjy/Inference-for-RDKx5/autoaim/rm_auto_aim/armor_detector/include/armor_detector/armor.hpp:43:3:[m[K [01;36m[Knote: [m[K  candidate expects 0 arguments, 4 provided
[1.932s] [01m[K/home/zjy/Inference-for-RDKx5/autoaim/rm_auto_aim/armor_detector/include/armor_detector/armor.hpp:41:8:[m[K [01;36m[Knote: [m[Kcandidate: ‚Äò[01m[Krm_auto_aim::Armor::Armor(const rm_auto_aim::Armor&)[m[K‚Äô
[1.933s]    41 | struct [01;36m[KArmor[m[K
[1.933s]       |        [01;36m[K^~~~~[m[K
[1.933s] [01m[K/home/zjy/Inference-for-RDKx5/autoaim/rm_auto_aim/armor_detector/include/armor_detector/armor.hpp:41:8:[m[K [01;36m[Knote: [m[K  candidate expects 1 argument, 4 provided
[1.933s] [01m[K/home/zjy/Inference-for-RDKx5/autoaim/rm_auto_aim/armor_detector/include/armor_detector/armor.hpp:41:8:[m[K [01;36m[Knote: [m[Kcandidate: ‚Äò[01m[Krm_auto_aim::Armor::Armor(rm_auto_aim::Armor&&)[m[K‚Äô
[1.933s] [01m[K/home/zjy/Inference-for-RDKx5/autoaim/rm_auto_aim/armor_detector/include/armor_detector/armor.hpp:41:8:[m[K [01;36m[Knote: [m[K  candidate expects 1 argument, 4 provided
[1.993s] [01m[K/home/zjy/Inference-for-RDKx5/autoaim/rm_auto_aim/armor_detector/src/detector_node.cpp:[m[K In member function ‚Äò[01m[Kstd::vector<rm_auto_aim::Armor> rm_auto_aim::ArmorDetectorNode::detectArmors(const ConstSharedPtr&)[m[K‚Äô:
[1.993s] [01m[K/home/zjy/Inference-for-RDKx5/autoaim/rm_auto_aim/armor_detector/src/detector_node.cpp:244:37:[m[K [01;31m[Kerror: [m[K‚Äò[01m[Kframe_count_[m[K‚Äô was not declared in this scope
[1.993s]   244 |   auto armors = yolo11_->detect(img,[01;31m[Kframe_count_[m[K);
[1.993s]       |                                     [01;31m[K^~~~~~~~~~~~[m[K
[2.181s] gmake[2]: *** [CMakeFiles/armor_detector.dir/build.make:146ÔºöCMakeFiles/armor_detector.dir/src/yolo11.cpp.o] ÈîôËØØ 1
[5.012s] gmake[2]: *** [CMakeFiles/armor_detector.dir/build.make:90ÔºöCMakeFiles/armor_detector.dir/src/detector_node.cpp.o] ÈîôËØØ 1
[5.012s] gmake[1]: *** [CMakeFiles/Makefile2:161ÔºöCMakeFiles/armor_detector.dir/all] ÈîôËØØ 2
[5.012s] gmake: *** [Makefile:146Ôºöall] ÈîôËØØ 2
[5.014s] Invoked command in '/home/zjy/Inference-for-RDKx5/autoaim/build/armor_detector' returned '2': AMENT_PREFIX_PATH=/home/zjy/Inference-for-RDKx5/autoaim/install/auto_aim_interfaces:${AMENT_PREFIX_PATH} CMAKE_PREFIX_PATH=/home/zjy/Inference-for-RDKx5/autoaim/install/auto_aim_interfaces:/opt/ros/humble LD_LIBRARY_PATH=/home/zjy/Inference-for-RDKx5/autoaim/install/auto_aim_interfaces/lib:/opt/MVS/lib/64:/opt/MVS/lib/32:/opt/ros/humble/opt/rviz_ogre_vendor/lib:/opt/ros/humble/lib/x86_64-linux-gnu:/opt/ros/humble/lib:/opt/MVS/lib/64:/opt/MVS/lib/32:/opt/MVS/lib/64:/opt/MVS/lib/32 PYTHONPATH=/home/zjy/Inference-for-RDKx5/autoaim/install/auto_aim_interfaces/local/lib/python3.10/dist-packages:${PYTHONPATH} /usr/bin/cmake --build /home/zjy/Inference-for-RDKx5/autoaim/build/armor_detector -- -j32 -l32
