[0.008s] Invoking command in '/home/zjy/Inference-for-RDKx5/autoaim/build/armor_detector': AMENT_PREFIX_PATH=/home/zjy/Inference-for-RDKx5/autoaim/install/auto_aim_interfaces:${AMENT_PREFIX_PATH} CMAKE_PREFIX_PATH=/home/zjy/Inference-for-RDKx5/autoaim/install/auto_aim_interfaces:/opt/ros/humble LD_LIBRARY_PATH=/home/zjy/Inference-for-RDKx5/autoaim/install/auto_aim_interfaces/lib:/opt/MVS/lib/64:/opt/MVS/lib/32:/opt/ros/humble/opt/rviz_ogre_vendor/lib:/opt/ros/humble/lib/x86_64-linux-gnu:/opt/ros/humble/lib:/opt/MVS/lib/64:/opt/MVS/lib/32:/opt/MVS/lib/64:/opt/MVS/lib/32 PYTHONPATH=/home/zjy/Inference-for-RDKx5/autoaim/install/auto_aim_interfaces/local/lib/python3.10/dist-packages:${PYTHONPATH} /usr/bin/cmake --build /home/zjy/Inference-for-RDKx5/autoaim/build/armor_detector -- -j32 -l32
[0.045s] [35m[1mConsolidate compiler generated dependencies of target armor_detector[0m
[0.049s] [ 11%] Built target gtest_main
[0.049s] [ 23%] Built target gtest
[0.054s] [ 35%] Built target armor_detector_node
[0.067s] [ 41%] [32mBuilding CXX object CMakeFiles/armor_detector.dir/src/detector.cpp.o[0m
[0.068s] [ 47%] [32mBuilding CXX object CMakeFiles/armor_detector.dir/src/detector_node.cpp.o[0m
[0.068s] [ 52%] [32mBuilding CXX object CMakeFiles/armor_detector.dir/src/number_classifier.cpp.o[0m
[0.068s] [ 58%] [32mBuilding CXX object CMakeFiles/armor_detector.dir/src/yolo.cpp.o[0m
[0.069s] [ 64%] [32mBuilding CXX object CMakeFiles/armor_detector.dir/src/yolo11.cpp.o[0m
[0.774s] [01m[K/home/zjy/Inference-for-RDKx5/autoaim/rm_auto_aim/armor_detector/src/number_classifier.cpp:[m[K In member function ‚Äò[01m[Kvoid rm_auto_aim::NumberClassifier::classify(std::vector<rm_auto_aim::Armor>&)[m[K‚Äô:
[0.774s] [01m[K/home/zjy/Inference-for-RDKx5/autoaim/rm_auto_aim/armor_detector/src/number_classifier.cpp:119:11:[m[K [01;31m[Kerror: [m[K‚Äò[01m[Kstruct rm_auto_aim::Armor[m[K‚Äô has no member named ‚Äò[01m[Kclassfication_result[m[K‚Äô; did you mean ‚Äò[01m[Kclassification_result[m[K‚Äô?
[0.774s]   119 |     armor.[01;31m[Kclassfication_result[m[K = result_ss.str();
[0.774s]       |           [01;31m[K^~~~~~~~~~~~~~~~~~~~[m[K
[0.774s]       |           [32m[Kclassification_result[m[K
[0.815s] [01m[K/home/zjy/Inference-for-RDKx5/autoaim/rm_auto_aim/armor_detector/src/detector.cpp:242:2:[m[K [01;31m[Kerror: [m[Kexpected ‚Äò[01m[K}[m[K‚Äô at end of input
[0.815s]   242 | }[01;31m[K [m[K // namespace rm_auto_aim
[0.815s]       |  [01;31m[K^[m[K
[0.815s] [01m[K/home/zjy/Inference-for-RDKx5/autoaim/rm_auto_aim/armor_detector/src/detector.cpp:22:1:[m[K [01;36m[Knote: [m[Kto match this ‚Äò[01m[K{[m[K‚Äô
[0.815s]    22 | [01;36m[K{[m[K
[0.815s]       | [01;36m[K^[m[K
[1.039s] gmake[2]: *** [CMakeFiles/armor_detector.dir/build.make:104ÔºöCMakeFiles/armor_detector.dir/src/number_classifier.cpp.o] ÈîôËØØ 1
[1.039s] gmake[2]: *** Ê≠£Âú®Á≠âÂæÖÊú™ÂÆåÊàêÁöÑ‰ªªÂä°....
[1.073s] [01m[K/home/zjy/Inference-for-RDKx5/autoaim/rm_auto_aim/armor_detector/src/yolo11.cpp:[m[K In member function ‚Äò[01m[Kvoid rm_auto_aim::YOLO11::draw_detections(const cv::Mat&, const std::__cxx11::list<rm_auto_aim::Armor>&, int) const[m[K‚Äô:
[1.073s] [01m[K/home/zjy/Inference-for-RDKx5/autoaim/rm_auto_aim/armor_detector/src/yolo11.cpp:221:44:[m[K [01;31m[Kerror: [m[K‚Äò[01m[KCOLORS[m[K‚Äô was not declared in this scope
[1.073s]   221 |       "{:.2f} {} {} {}", armor.confidence, [01;31m[KCOLORS[m[K[armor.color], ARMOR_NAMES[armor.name],
[1.073s]       |                                            [01;31m[K^~~~~~[m[K
[1.077s] [01m[K/home/zjy/Inference-for-RDKx5/autoaim/rm_auto_aim/armor_detector/src/yolo11.cpp:221:65:[m[K [01;31m[Kerror: [m[K‚Äò[01m[KARMOR_NAMES[m[K‚Äô was not declared in this scope
[1.077s]   221 |       "{:.2f} {} {} {}", armor.confidence, COLORS[armor.color], [01;31m[KARMOR_NAMES[m[K[armor.name],
[1.077s]       |                                                                 [01;31m[K^~~~~~~~~~~[m[K
[1.079s] gmake[2]: *** [CMakeFiles/armor_detector.dir/build.make:76ÔºöCMakeFiles/armor_detector.dir/src/detector.cpp.o] ÈîôËØØ 1
[1.081s] [01m[K/home/zjy/Inference-for-RDKx5/autoaim/rm_auto_aim/armor_detector/src/yolo11.cpp:222:7:[m[K [01;31m[Kerror: [m[K‚Äò[01m[KARMOR_TYPES[m[K‚Äô was not declared in this scope; did you mean ‚Äò[01m[KARMOR_TYPE_STR[m[K‚Äô?
[1.081s]   222 |       [01;31m[KARMOR_TYPES[m[K[armor.type]);
[1.081s]       |       [01;31m[K^~~~~~~~~~~[m[K
[1.081s]       |       [32m[KARMOR_TYPE_STR[m[K
[1.699s] In file included from [01m[K/usr/include/fmt/format.h:48[m[K,
[1.699s]                  from [01m[K/usr/include/fmt/chrono.h:19[m[K,
[1.699s]                  from [01m[K/home/zjy/Inference-for-RDKx5/autoaim/rm_auto_aim/armor_detector/src/yolo11.cpp:3[m[K:
[1.699s] /usr/include/fmt/core.h: In instantiation of ‚Äò[01m[Kconstexpr fmt::v8::detail::value<Context> fmt::v8::detail::make_arg(T&&) [with bool IS_PACKED = true; Context = fmt::v8::basic_format_context<fmt::v8::appender, char>; fmt::v8::detail::type <anonymous> = fmt::v8::detail::type::custom_type; T = const rm_auto_aim::ArmorName&; typename std::enable_if<IS_PACKED, int>::type <anonymous> = 0][m[K‚Äô:
[1.699s] [01m[K/usr/include/fmt/core.h:1855:77:[m[K   required from ‚Äò[01m[Kconstexpr fmt::v8::format_arg_store<Context, Args>::format_arg_store(T&& ...) [with T = {const std::__cxx11::basic_string<char, std::char_traits<char>, std::allocator<char> >&, const rm_auto_aim::ArmorName&, std::__cxx11::basic_string<char, std::char_traits<char>, std::allocator<char> >&}; Context = fmt::v8::basic_format_context<fmt::v8::appender, char>; Args = {std::__cxx11::basic_string<char, std::char_traits<char>, std::allocator<char> >, rm_auto_aim::ArmorName, std::__cxx11::basic_string<char, std::char_traits<char>, std::allocator<char> >}][m[K‚Äô
[1.699s] [01m[K/usr/include/fmt/core.h:1872:38:[m[K   required from ‚Äò[01m[Kconstexpr fmt::v8::format_arg_store<Context, typename std::remove_cv<typename std::remove_reference<Args>::type>::type ...> fmt::v8::make_format_args(Args&& ...) [with Context = fmt::v8::basic_format_context<fmt::v8::appender, char>; Args = {const std::__cxx11::basic_string<char, std::char_traits<char>, std::allocator<char> >&, const rm_auto_aim::ArmorName&, std::__cxx11::basic_string<char, std::char_traits<char>, std::allocator<char> >&}][m[K‚Äô
[1.700s] [01m[K/usr/include/fmt/core.h:3119:44:[m[K   required from ‚Äò[01m[Kstd::string fmt::v8::format(fmt::v8::format_string<T ...>, T&& ...) [with T = {const std::__cxx11::basic_string<char, std::char_traits<char>, std::allocator<char> >&, const rm_auto_aim::ArmorName&, std::__cxx11::basic_string<char, std::char_traits<char>, std::allocator<char> >&}; std::string = std::__cxx11::basic_string<char>; fmt::v8::format_string<T ...> = fmt::v8::basic_format_string<char, const std::__cxx11::basic_string<char, std::char_traits<char>, std::allocator<char> >&, const rm_auto_aim::ArmorName&, std::__cxx11::basic_string<char, std::char_traits<char>, std::allocator<char> >&>][m[K‚Äô
[1.700s] [01m[K/home/zjy/Inference-for-RDKx5/autoaim/rm_auto_aim/armor_detector/src/yolo11.cpp:238:30:[m[K   required from here
[1.700s] [01m[K/usr/include/fmt/core.h:1728:7:[m[K [01;31m[Kerror: [m[Kstatic assertion failed: Cannot format an argument. To make type T formattable provide a formatter<T> specialization: https://fmt.dev/latest/api.html#udt
[1.700s]  1728 |       [01;31m[Kformattable[m[K,
[1.700s]       |       [01;31m[K^~~~~~~~~~~[m[K
[1.700s] [01m[K/usr/include/fmt/core.h:1728:7:[m[K [01;36m[Knote: [m[K‚Äò[01m[Kformattable[m[K‚Äô evaluates to false
[1.801s] In file included from [01m[K/usr/include/x86_64-linux-gnu/c++/11/bits/c++allocator.h:33[m[K,
[1.802s]                  from [01m[K/usr/include/c++/11/bits/allocator.h:46[m[K,
[1.802s]                  from [01m[K/usr/include/c++/11/list:61[m[K,
[1.802s]                  from [01m[K/home/zjy/Inference-for-RDKx5/autoaim/rm_auto_aim/armor_detector/include/armor_detector/yolo11.hpp:4[m[K,
[1.802s]                  from [01m[K/home/zjy/Inference-for-RDKx5/autoaim/rm_auto_aim/armor_detector/src/yolo11.cpp:1[m[K:
[1.802s] /usr/include/c++/11/ext/new_allocator.h: In instantiation of ‚Äò[01m[Kvoid __gnu_cxx::new_allocator<_Tp>::construct(_Up*, _Args&& ...) [with _Up = rm_auto_aim::Armor; _Args = {int&, float&, cv::Rect_<int>&, std::vector<cv::Point_<float>, std::allocator<cv::Point_<float> > >&, cv::Point_<float>&}; _Tp = std::_List_node<rm_auto_aim::Armor>][m[K‚Äô:
[1.802s] [01m[K/usr/include/c++/11/bits/alloc_traits.h:516:17:[m[K   required from ‚Äò[01m[Kstatic void std::allocator_traits<std::allocator<_Tp1> >::construct(std::allocator_traits<std::allocator<_Tp1> >::allocator_type&, _Up*, _Args&& ...) [with _Up = rm_auto_aim::Armor; _Args = {int&, float&, cv::Rect_<int>&, std::vector<cv::Point_<float>, std::allocator<cv::Point_<float> > >&, cv::Point_<float>&}; _Tp = std::_List_node<rm_auto_aim::Armor>; std::allocator_traits<std::allocator<_Tp1> >::allocator_type = std::allocator<std::_List_node<rm_auto_aim::Armor> >][m[K‚Äô
[1.802s] [01m[K/usr/include/c++/11/bits/stl_list.h:638:33:[m[K   required from ‚Äò[01m[Kstd::__cxx11::list<_Tp, _Alloc>::_Node* std::__cxx11::list<_Tp, _Alloc>::_M_create_node(_Args&& ...) [with _Args = {int&, float&, cv::Rect_<int>&, std::vector<cv::Point_<float>, std::allocator<cv::Point_<float> > >&, cv::Point_<float>&}; _Tp = rm_auto_aim::Armor; _Alloc = std::allocator<rm_auto_aim::Armor>; std::__cxx11::list<_Tp, _Alloc>::_Node = std::__cxx11::list<rm_auto_aim::Armor>::_Node][m[K‚Äô
[1.802s] [01m[K/usr/include/c++/11/bits/stl_list.h:1912:32:[m[K   required from ‚Äò[01m[Kvoid std::__cxx11::list<_Tp, _Alloc>::_M_insert(std::__cxx11::list<_Tp, _Alloc>::iterator, _Args&& ...) [with _Args = {int&, float&, cv::Rect_<int>&, std::vector<cv::Point_<float>, std::allocator<cv::Point_<float> > >&, cv::Point_<float>&}; _Tp = rm_auto_aim::Armor; _Alloc = std::allocator<rm_auto_aim::Armor>; std::__cxx11::list<_Tp, _Alloc>::iterator = std::__cxx11::list<rm_auto_aim::Armor>::iterator][m[K‚Äô
[1.802s] [01m[K/usr/include/c++/11/bits/stl_list.h:1228:19:[m[K   required from ‚Äò[01m[Kstd::__cxx11::list<_Tp, _Alloc>::reference std::__cxx11::list<_Tp, _Alloc>::emplace_back(_Args&& ...) [with _Args = {int&, float&, cv::Rect_<int>&, std::vector<cv::Point_<float>, std::allocator<cv::Point_<float> > >&, cv::Point_<float>&}; _Tp = rm_auto_aim::Armor; _Alloc = std::allocator<rm_auto_aim::Armor>; std::__cxx11::list<_Tp, _Alloc>::reference = rm_auto_aim::Armor&][m[K‚Äô
[1.802s] [01m[K/home/zjy/Inference-for-RDKx5/autoaim/rm_auto_aim/armor_detector/src/yolo11.cpp:134:26:[m[K   required from here
[1.802s] [01m[K/usr/include/c++/11/ext/new_allocator.h:162:11:[m[K [01;31m[Kerror: [m[Kno matching function for call to ‚Äò[01m[Krm_auto_aim::Armor::Armor(int&, float&, cv::Rect_<int>&, std::vector<cv::Point_<float> >&, cv::Point_<float>&)[m[K‚Äô
[1.802s]   162 |         { [01;31m[K::new((void *)__p) _Up(std::forward<_Args>(__args)...)[m[K; }
[1.802s]       |           [01;31m[K^~~~~~~~~~~~~~~~~~~~~~~~~~~~~~~~~~~~~~~~~~~~~~~~~~~~~~[m[K
[1.802s] In file included from [01m[K/home/zjy/Inference-for-RDKx5/autoaim/rm_auto_aim/armor_detector/include/armor_detector/yolo11.hpp:10[m[K,
[1.802s]                  from [01m[K/home/zjy/Inference-for-RDKx5/autoaim/rm_auto_aim/armor_detector/src/yolo11.cpp:1[m[K:
[1.802s] [01m[K/home/zjy/Inference-for-RDKx5/autoaim/rm_auto_aim/armor_detector/include/armor_detector/armor.hpp:52:3:[m[K [01;36m[Knote: [m[Kcandidate: ‚Äò[01m[Krm_auto_aim::Armor::Armor(const rm_auto_aim::Light&, const rm_auto_aim::Light&)[m[K‚Äô
[1.802s]    52 |   [01;36m[KArmor[m[K(const Light & l1, const Light & l2)
[1.802s]       |   [01;36m[K^~~~~[m[K
[1.802s] [01m[K/home/zjy/Inference-for-RDKx5/autoaim/rm_auto_aim/armor_detector/include/armor_detector/armor.hpp:52:3:[m[K [01;36m[Knote: [m[K  candidate expects 2 arguments, 5 provided
[1.802s] [01m[K/home/zjy/Inference-for-RDKx5/autoaim/rm_auto_aim/armor_detector/include/armor_detector/armor.hpp:51:3:[m[K [01;36m[Knote: [m[Kcandidate: ‚Äò[01m[Krm_auto_aim::Armor::Armor()[m[K‚Äô
[1.802s]    51 |   [01;36m[KArmor[m[K() = default;
[1.802s]       |   [01;36m[K^~~~~[m[K
[1.802s] [01m[K/home/zjy/Inference-for-RDKx5/autoaim/rm_auto_aim/armor_detector/include/armor_detector/armor.hpp:51:3:[m[K [01;36m[Knote: [m[K  candidate expects 0 arguments, 5 provided
[1.802s] [01m[K/home/zjy/Inference-for-RDKx5/autoaim/rm_auto_aim/armor_detector/include/armor_detector/armor.hpp:49:8:[m[K [01;36m[Knote: [m[Kcandidate: ‚Äò[01m[Krm_auto_aim::Armor::Armor(const rm_auto_aim::Armor&)[m[K‚Äô
[1.802s]    49 | struct [01;36m[KArmor[m[K
[1.802s]       |        [01;36m[K^~~~~[m[K
[1.802s] [01m[K/home/zjy/Inference-for-RDKx5/autoaim/rm_auto_aim/armor_detector/include/armor_detector/armor.hpp:49:8:[m[K [01;36m[Knote: [m[K  candidate expects 1 argument, 5 provided
[1.802s] [01m[K/home/zjy/Inference-for-RDKx5/autoaim/rm_auto_aim/armor_detector/include/armor_detector/armor.hpp:49:8:[m[K [01;36m[Knote: [m[Kcandidate: ‚Äò[01m[Krm_auto_aim::Armor::Armor(rm_auto_aim::Armor&&)[m[K‚Äô
[1.802s] [01m[K/home/zjy/Inference-for-RDKx5/autoaim/rm_auto_aim/armor_detector/include/armor_detector/armor.hpp:49:8:[m[K [01;36m[Knote: [m[K  candidate expects 1 argument, 5 provided
[1.802s] In file included from [01m[K/usr/include/x86_64-linux-gnu/c++/11/bits/c++allocator.h:33[m[K,
[1.802s]                  from [01m[K/usr/include/c++/11/bits/allocator.h:46[m[K,
[1.802s]                  from [01m[K/usr/include/c++/11/list:61[m[K,
[1.802s]                  from [01m[K/home/zjy/Inference-for-RDKx5/autoaim/rm_auto_aim/armor_detector/include/armor_detector/yolo11.hpp:4[m[K,
[1.802s]                  from [01m[K/home/zjy/Inference-for-RDKx5/autoaim/rm_auto_aim/armor_detector/src/yolo11.cpp:1[m[K:
[1.802s] /usr/include/c++/11/ext/new_allocator.h: In instantiation of ‚Äò[01m[Kvoid __gnu_cxx::new_allocator<_Tp>::construct(_Up*, _Args&& ...) [with _Up = rm_auto_aim::Armor; _Args = {int&, float&, cv::Rect_<int>&, std::vector<cv::Point_<float>, std::allocator<cv::Point_<float> > >&}; _Tp = std::_List_node<rm_auto_aim::Armor>][m[K‚Äô:
[1.802s] [01m[K/usr/include/c++/11/bits/alloc_traits.h:516:17:[m[K   required from ‚Äò[01m[Kstatic void std::allocator_traits<std::allocator<_Tp1> >::construct(std::allocator_traits<std::allocator<_Tp1> >::allocator_type&, _Up*, _Args&& ...) [with _Up = rm_auto_aim::Armor; _Args = {int&, float&, cv::Rect_<int>&, std::vector<cv::Point_<float>, std::allocator<cv::Point_<float> > >&}; _Tp = std::_List_node<rm_auto_aim::Armor>; std::allocator_traits<std::allocator<_Tp1> >::allocator_type = std::allocator<std::_List_node<rm_auto_aim::Armor> >][m[K‚Äô
[1.802s] [01m[K/usr/include/c++/11/bits/stl_list.h:638:33:[m[K   required from ‚Äò[01m[Kstd::__cxx11::list<_Tp, _Alloc>::_Node* std::__cxx11::list<_Tp, _Alloc>::_M_create_node(_Args&& ...) [with _Args = {int&, float&, cv::Rect_<int>&, std::vector<cv::Point_<float>, std::allocator<cv::Point_<float> > >&}; _Tp = rm_auto_aim::Armor; _Alloc = std::allocator<rm_auto_aim::Armor>; std::__cxx11::list<_Tp, _Alloc>::_Node = std::__cxx11::list<rm_auto_aim::Armor>::_Node][m[K‚Äô
[1.802s] [01m[K/usr/include/c++/11/bits/stl_list.h:1912:32:[m[K   required from ‚Äò[01m[Kvoid std::__cxx11::list<_Tp, _Alloc>::_M_insert(std::__cxx11::list<_Tp, _Alloc>::iterator, _Args&& ...) [with _Args = {int&, float&, cv::Rect_<int>&, std::vector<cv::Point_<float>, std::allocator<cv::Point_<float> > >&}; _Tp = rm_auto_aim::Armor; _Alloc = std::allocator<rm_auto_aim::Armor>; std::__cxx11::list<_Tp, _Alloc>::iterator = std::__cxx11::list<rm_auto_aim::Armor>::iterator][m[K‚Äô
[1.802s] [01m[K/usr/include/c++/11/bits/stl_list.h:1228:19:[m[K   required from ‚Äò[01m[Kstd::__cxx11::list<_Tp, _Alloc>::reference std::__cxx11::list<_Tp, _Alloc>::emplace_back(_Args&& ...) [with _Args = {int&, float&, cv::Rect_<int>&, std::vector<cv::Point_<float>, std::allocator<cv::Point_<float> > >&}; _Tp = rm_auto_aim::Armor; _Alloc = std::allocator<rm_auto_aim::Armor>; std::__cxx11::list<_Tp, _Alloc>::reference = rm_auto_aim::Armor&][m[K‚Äô
[1.802s] [01m[K/home/zjy/Inference-for-RDKx5/autoaim/rm_auto_aim/armor_detector/src/yolo11.cpp:136:26:[m[K   required from here
[1.802s] [01m[K/usr/include/c++/11/ext/new_allocator.h:162:11:[m[K [01;31m[Kerror: [m[Kno matching function for call to ‚Äò[01m[Krm_auto_aim::Armor::Armor(int&, float&, cv::Rect_<int>&, std::vector<cv::Point_<float> >&)[m[K‚Äô
[1.802s]   162 |         { [01;31m[K::new((void *)__p) _Up(std::forward<_Args>(__args)...)[m[K; }
[1.802s]       |           [01;31m[K^~~~~~~~~~~~~~~~~~~~~~~~~~~~~~~~~~~~~~~~~~~~~~~~~~~~~~[m[K
[1.802s] In file included from [01m[K/home/zjy/Inference-for-RDKx5/autoaim/rm_auto_aim/armor_detector/include/armor_detector/yolo11.hpp:10[m[K,
[1.802s]                  from [01m[K/home/zjy/Inference-for-RDKx5/autoaim/rm_auto_aim/armor_detector/src/yolo11.cpp:1[m[K:
[1.802s] [01m[K/home/zjy/Inference-for-RDKx5/autoaim/rm_auto_aim/armor_detector/include/armor_detector/armor.hpp:52:3:[m[K [01;36m[Knote: [m[Kcandidate: ‚Äò[01m[Krm_auto_aim::Armor::Armor(const rm_auto_aim::Light&, const rm_auto_aim::Light&)[m[K‚Äô
[1.802s]    52 |   [01;36m[KArmor[m[K(const Light & l1, const Light & l2)
[1.802s]       |   [01;36m[K^~~~~[m[K
[1.803s] [01m[K/home/zjy/Inference-for-RDKx5/autoaim/rm_auto_aim/armor_detector/include/armor_detector/armor.hpp:52:3:[m[K [01;36m[Knote: [m[K  candidate expects 2 arguments, 4 provided
[1.803s] [01m[K/home/zjy/Inference-for-RDKx5/autoaim/rm_auto_aim/armor_detector/include/armor_detector/armor.hpp:51:3:[m[K [01;36m[Knote: [m[Kcandidate: ‚Äò[01m[Krm_auto_aim::Armor::Armor()[m[K‚Äô
[1.803s]    51 |   [01;36m[KArmor[m[K() = default;
[1.803s]       |   [01;36m[K^~~~~[m[K
[1.803s] [01m[K/home/zjy/Inference-for-RDKx5/autoaim/rm_auto_aim/armor_detector/include/armor_detector/armor.hpp:51:3:[m[K [01;36m[Knote: [m[K  candidate expects 0 arguments, 4 provided
[1.803s] [01m[K/home/zjy/Inference-for-RDKx5/autoaim/rm_auto_aim/armor_detector/include/armor_detector/armor.hpp:49:8:[m[K [01;36m[Knote: [m[Kcandidate: ‚Äò[01m[Krm_auto_aim::Armor::Armor(const rm_auto_aim::Armor&)[m[K‚Äô
[1.803s]    49 | struct [01;36m[KArmor[m[K
[1.803s]       |        [01;36m[K^~~~~[m[K
[1.803s] [01m[K/home/zjy/Inference-for-RDKx5/autoaim/rm_auto_aim/armor_detector/include/armor_detector/armor.hpp:49:8:[m[K [01;36m[Knote: [m[K  candidate expects 1 argument, 4 provided
[1.803s] [01m[K/home/zjy/Inference-for-RDKx5/autoaim/rm_auto_aim/armor_detector/include/armor_detector/armor.hpp:49:8:[m[K [01;36m[Knote: [m[Kcandidate: ‚Äò[01m[Krm_auto_aim::Armor::Armor(rm_auto_aim::Armor&&)[m[K‚Äô
[1.803s] [01m[K/home/zjy/Inference-for-RDKx5/autoaim/rm_auto_aim/armor_detector/include/armor_detector/armor.hpp:49:8:[m[K [01;36m[Knote: [m[K  candidate expects 1 argument, 4 provided
[1.937s] In file included from [01m[K/home/zjy/Inference-for-RDKx5/autoaim/rm_auto_aim/armor_detector/src/detector_node.cpp:26[m[K:
[1.937s] [01m[K/home/zjy/Inference-for-RDKx5/autoaim/rm_auto_aim/armor_detector/include/armor_detector/detector_node.hpp:50:19:[m[K [01;31m[Kerror: [m[K‚Äò[01m[KDetector[m[K‚Äô was not declared in this scope
[1.937s]    50 |   std::unique_ptr<[01;31m[KDetector[m[K> detector_;
[1.937s]       |                   [01;31m[K^~~~~~~~[m[K
[1.937s] [01m[K/home/zjy/Inference-for-RDKx5/autoaim/rm_auto_aim/armor_detector/include/armor_detector/detector_node.hpp:50:27:[m[K [01;31m[Kerror: [m[Ktemplate argument 1 is invalid
[1.937s]    50 |   std::unique_ptr<Detector[01;31m[K>[m[K detector_;
[1.937s]       |                           [01;31m[K^[m[K
[1.937s] [01m[K/home/zjy/Inference-for-RDKx5/autoaim/rm_auto_aim/armor_detector/include/armor_detector/detector_node.hpp:50:27:[m[K [01;31m[Kerror: [m[Ktemplate argument 2 is invalid
[1.987s] [01m[K/home/zjy/Inference-for-RDKx5/autoaim/rm_auto_aim/armor_detector/include/armor_detector/detector_node.hpp:78:47:[m[K [01;31m[Kerror: [m[K‚Äò[01m[KDebugLights[m[K‚Äô is not a member of ‚Äò[01m[Kauto_aim_interfaces::msg[m[K‚Äô
[1.987s]    78 |   rclcpp::Publisher<auto_aim_interfaces::msg::[01;31m[KDebugLights[m[K>::SharedPtr lights_data_pub_;
[1.987s]       |                                               [01;31m[K^~~~~~~~~~~[m[K
[1.987s] [01m[K/home/zjy/Inference-for-RDKx5/autoaim/rm_auto_aim/armor_detector/include/armor_detector/detector_node.hpp:78:58:[m[K [01;31m[Kerror: [m[Ktemplate argument 1 is invalid
[1.987s]    78 |   rclcpp::Publisher<auto_aim_interfaces::msg::DebugLights[01;31m[K>[m[K::SharedPtr lights_data_pub_;
[1.987s]       |                                                          [01;31m[K^[m[K
[1.987s] [01m[K/home/zjy/Inference-for-RDKx5/autoaim/rm_auto_aim/armor_detector/include/armor_detector/detector_node.hpp:78:61:[m[K [01;31m[Kerror: [m[Kexpected ‚Äò[01m[K;[m[K‚Äô at end of member declaration
[1.987s]    78 |   rclcpp::Publisher<auto_aim_interfaces::msg::DebugLights>::[01;31m[KSharedPtr[m[K lights_data_pub_;
[1.987s]       |                                                             [01;31m[K^~~~~~~~~[m[K
[1.987s]       |                                                                      [32m[K;[m[K
[1.989s] [01m[K/home/zjy/Inference-for-RDKx5/autoaim/rm_auto_aim/armor_detector/include/armor_detector/detector_node.hpp:78:71:[m[K [01;31m[Kerror: [m[K‚Äò[01m[Klights_data_pub_[m[K‚Äô does not name a type
[1.989s]    78 |   rclcpp::Publisher<auto_aim_interfaces::msg::DebugLights>::SharedPtr [01;31m[Klights_data_pub_[m[K;
[1.989s]       |                                                                       [01;31m[K^~~~~~~~~~~~~~~~[m[K
[1.990s] [01m[K/home/zjy/Inference-for-RDKx5/autoaim/rm_auto_aim/armor_detector/include/armor_detector/detector_node.hpp:79:47:[m[K [01;31m[Kerror: [m[K‚Äò[01m[KDebugArmors[m[K‚Äô is not a member of ‚Äò[01m[Kauto_aim_interfaces::msg[m[K‚Äô
[1.990s]    79 |   rclcpp::Publisher<auto_aim_interfaces::msg::[01;31m[KDebugArmors[m[K>::SharedPtr armors_data_pub_;
[1.990s]       |                                               [01;31m[K^~~~~~~~~~~[m[K
[1.990s] [01m[K/home/zjy/Inference-for-RDKx5/autoaim/rm_auto_aim/armor_detector/include/armor_detector/detector_node.hpp:79:58:[m[K [01;31m[Kerror: [m[Ktemplate argument 1 is invalid
[1.990s]    79 |   rclcpp::Publisher<auto_aim_interfaces::msg::DebugArmors[01;31m[K>[m[K::SharedPtr armors_data_pub_;
[1.990s]       |                                                          [01;31m[K^[m[K
[1.990s] [01m[K/home/zjy/Inference-for-RDKx5/autoaim/rm_auto_aim/armor_detector/include/armor_detector/detector_node.hpp:79:61:[m[K [01;31m[Kerror: [m[Kexpected ‚Äò[01m[K;[m[K‚Äô at end of member declaration
[1.990s]    79 |   rclcpp::Publisher<auto_aim_interfaces::msg::DebugArmors>::[01;31m[KSharedPtr[m[K armors_data_pub_;
[1.990s]       |                                                             [01;31m[K^~~~~~~~~[m[K
[1.990s]       |                                                                      [32m[K;[m[K
[1.990s] [01m[K/home/zjy/Inference-for-RDKx5/autoaim/rm_auto_aim/armor_detector/include/armor_detector/detector_node.hpp:79:61:[m[K [01;31m[Kerror: [m[Kredeclaration of ‚Äò[01m[Kint rm_auto_aim::ArmorDetectorNode::SharedPtr[m[K‚Äô
[1.990s] [01m[K/home/zjy/Inference-for-RDKx5/autoaim/rm_auto_aim/armor_detector/include/armor_detector/detector_node.hpp:78:61:[m[K [01;36m[Knote: [m[Kprevious declaration ‚Äò[01m[Kint rm_auto_aim::ArmorDetectorNode::SharedPtr[m[K‚Äô
[1.990s]    78 |   rclcpp::Publisher<auto_aim_interfaces::msg::DebugLights>::[01;36m[KSharedPtr[m[K lights_data_pub_;
[1.990s]       |                                                             [01;36m[K^~~~~~~~~[m[K
[1.992s] [01m[K/home/zjy/Inference-for-RDKx5/autoaim/rm_auto_aim/armor_detector/include/armor_detector/detector_node.hpp:79:71:[m[K [01;31m[Kerror: [m[K‚Äò[01m[Karmors_data_pub_[m[K‚Äô does not name a type
[1.992s]    79 |   rclcpp::Publisher<auto_aim_interfaces::msg::DebugArmors>::SharedPtr [01;31m[Karmors_data_pub_[m[K;
[1.992s]       |                                                                       [01;31m[K^~~~~~~~~~~~~~~~[m[K
[1.998s] [01m[K/home/zjy/Inference-for-RDKx5/autoaim/rm_auto_aim/armor_detector/src/detector_node.cpp:[m[K In constructor ‚Äò[01m[Krm_auto_aim::ArmorDetectorNode::ArmorDetectorNode(const rclcpp::NodeOptions&)[m[K‚Äô:
[1.998s] [01m[K/home/zjy/Inference-for-RDKx5/autoaim/rm_auto_aim/armor_detector/src/detector_node.cpp:36:14:[m[K [01;31m[Kerror: [m[K‚Äò[01m[KinitDetector[m[K‚Äô was not declared in this scope
[1.998s]    36 |   detector_= [01;31m[KinitDetector[m[K();
[1.998s]       |              [01;31m[K^~~~~~~~~~~~[m[K
[2.010s] [01m[K/home/zjy/Inference-for-RDKx5/autoaim/rm_auto_aim/armor_detector/src/detector_node.cpp:[m[K In member function ‚Äò[01m[Kvoid rm_auto_aim::ArmorDetectorNode::imageCallback(sensor_msgs::msg::Image_<std::allocator<void> >::ConstSharedPtr)[m[K‚Äô:
[2.010s] [01m[K/home/zjy/Inference-for-RDKx5/autoaim/rm_auto_aim/armor_detector/src/detector_node.cpp:172:35:[m[K [01;31m[Kerror: [m[K‚Äò[01m[Kconst struct rm_auto_aim::Armor[m[K‚Äô has no member named ‚Äò[01m[Kclassfication_result[m[K‚Äô; did you mean ‚Äò[01m[Kclassification_result[m[K‚Äô?
[2.010s]   172 |         text_marker_.text = armor.[01;31m[Kclassfication_result[m[K;
[2.010s]       |                                   [01;31m[K^~~~~~~~~~~~~~~~~~~~[m[K
[2.010s]       |                                   [32m[Kclassification_result[m[K
[2.013s] [01m[K/home/zjy/Inference-for-RDKx5/autoaim/rm_auto_aim/armor_detector/src/detector_node.cpp:[m[K At global scope:
[2.013s] [01m[K/home/zjy/Inference-for-RDKx5/autoaim/rm_auto_aim/armor_detector/src/detector_node.cpp:189:17:[m[K [01;31m[Kerror: [m[K‚Äò[01m[KDetector[m[K‚Äô was not declared in this scope
[2.013s]   189 | std::unique_ptr<[01;31m[KDetector[m[K> ArmorDetectorNode::initDetector()
[2.013s]       |                 [01;31m[K^~~~~~~~[m[K
[2.013s] [01m[K/home/zjy/Inference-for-RDKx5/autoaim/rm_auto_aim/armor_detector/src/detector_node.cpp:189:25:[m[K [01;31m[Kerror: [m[Ktemplate argument 1 is invalid
[2.013s]   189 | std::unique_ptr<Detector[01;31m[K>[m[K ArmorDetectorNode::initDetector()
[2.013s]       |                         [01;31m[K^[m[K
[2.013s] [01m[K/home/zjy/Inference-for-RDKx5/autoaim/rm_auto_aim/armor_detector/src/detector_node.cpp:189:25:[m[K [01;31m[Kerror: [m[Ktemplate argument 2 is invalid
[2.013s] [01m[K/home/zjy/Inference-for-RDKx5/autoaim/rm_auto_aim/armor_detector/src/detector_node.cpp:189:27:[m[K [01;31m[Kerror: [m[Kno declaration matches ‚Äò[01m[Kint rm_auto_aim::ArmorDetectorNode::initDetector()[m[K‚Äô
[2.013s]   189 | std::unique_ptr<Detector> [01;31m[KArmorDetectorNode[m[K::initDetector()
[2.013s]       |                           [01;31m[K^~~~~~~~~~~~~~~~~[m[K
[2.013s] [01m[K/home/zjy/Inference-for-RDKx5/autoaim/rm_auto_aim/armor_detector/src/detector_node.cpp:189:27:[m[K [01;36m[Knote: [m[Kno functions named ‚Äò[01m[Kint rm_auto_aim::ArmorDetectorNode::initDetector()[m[K‚Äô
[2.014s] In file included from [01m[K/home/zjy/Inference-for-RDKx5/autoaim/rm_auto_aim/armor_detector/src/detector_node.cpp:26[m[K:
[2.014s] [01m[K/home/zjy/Inference-for-RDKx5/autoaim/rm_auto_aim/armor_detector/include/armor_detector/detector_node.hpp:29:7:[m[K [01;36m[Knote: [m[K‚Äò[01m[Kclass rm_auto_aim::ArmorDetectorNode[m[K‚Äô defined here
[2.014s]    29 | class [01;36m[KArmorDetectorNode[m[K : public rclcpp::Node
[2.014s]       |       [01;36m[K^~~~~~~~~~~~~~~~~[m[K
[2.015s] [01m[K/home/zjy/Inference-for-RDKx5/autoaim/rm_auto_aim/armor_detector/src/detector_node.cpp:[m[K In member function ‚Äò[01m[Kstd::vector<rm_auto_aim::Armor> rm_auto_aim::ArmorDetectorNode::detectArmors(const ConstSharedPtr&)[m[K‚Äô:
[2.015s] [01m[K/home/zjy/Inference-for-RDKx5/autoaim/rm_auto_aim/armor_detector/src/detector_node.cpp:240:12:[m[K [01;31m[Kerror: [m[Kbase operand of ‚Äò[01m[K->[m[K‚Äô is not a pointer
[2.015s]   240 |   detector_[01;31m[K->[m[Kbinary_thres = get_parameter("binary_thres").as_int();
[2.015s]       |            [01;31m[K^~[m[K
[2.015s] [01m[K/home/zjy/Inference-for-RDKx5/autoaim/rm_auto_aim/armor_detector/src/detector_node.cpp:241:12:[m[K [01;31m[Kerror: [m[Kbase operand of ‚Äò[01m[K->[m[K‚Äô is not a pointer
[2.015s]   241 |   detector_[01;31m[K->[m[Kdetect_color = get_parameter("detect_color").as_int();
[2.015s]       |            [01;31m[K^~[m[K
[2.015s] [01m[K/home/zjy/Inference-for-RDKx5/autoaim/rm_auto_aim/armor_detector/src/detector_node.cpp:242:12:[m[K [01;31m[Kerror: [m[Kbase operand of ‚Äò[01m[K->[m[K‚Äô is not a pointer
[2.015s]   242 |   detector_[01;31m[K->[m[Kclassifier->threshold = get_parameter("classifier_threshold").as_double();
[2.015s]       |            [01;31m[K^~[m[K
[2.020s] [01m[K/home/zjy/Inference-for-RDKx5/autoaim/rm_auto_aim/armor_detector/src/detector_node.cpp:244:37:[m[K [01;31m[Kerror: [m[K‚Äò[01m[Kframe_count_[m[K‚Äô was not declared in this scope
[2.020s]   244 |   auto armors = yolo11_->detect(img,[01;31m[Kframe_count_[m[K);
[2.020s]       |                                     [01;31m[K^~~~~~~~~~~~[m[K
[2.021s] [01m[K/home/zjy/Inference-for-RDKx5/autoaim/rm_auto_aim/armor_detector/src/detector_node.cpp:253:61:[m[K [01;31m[Kerror: [m[Kbase operand of ‚Äò[01m[K->[m[K‚Äô is not a pointer
[2.021s]   253 |       cv_bridge::CvImage(img_msg->header, "mono8", detector_[01;31m[K->[m[Kbinary_img).toImageMsg());
[2.021s]       |                                                             [01;31m[K^~[m[K
[2.021s] [01m[K/home/zjy/Inference-for-RDKx5/autoaim/rm_auto_aim/armor_detector/src/detector_node.cpp:257:16:[m[K [01;31m[Kerror: [m[Kbase operand of ‚Äò[01m[K->[m[K‚Äô is not a pointer
[2.021s]   257 |       detector_[01;31m[K->[m[Kdebug_lights.data.begin(), detector_->debug_lights.data.end(),
[2.021s]       |                [01;31m[K^~[m[K
[2.021s] [01m[K/home/zjy/Inference-for-RDKx5/autoaim/rm_auto_aim/armor_detector/src/detector_node.cpp:257:54:[m[K [01;31m[Kerror: [m[Kbase operand of ‚Äò[01m[K->[m[K‚Äô is not a pointer
[2.021s]   257 |       detector_->debug_lights.data.begin(), detector_[01;31m[K->[m[Kdebug_lights.data.end(),
[2.021s]       |                                                      [01;31m[K^~[m[K
[2.021s] [01m[K/home/zjy/Inference-for-RDKx5/autoaim/rm_auto_aim/armor_detector/src/detector_node.cpp:260:16:[m[K [01;31m[Kerror: [m[Kbase operand of ‚Äò[01m[K->[m[K‚Äô is not a pointer
[2.021s]   260 |       detector_[01;31m[K->[m[Kdebug_armors.data.begin(), detector_->debug_armors.data.end(),
[2.021s]       |                [01;31m[K^~[m[K
[2.021s] [01m[K/home/zjy/Inference-for-RDKx5/autoaim/rm_auto_aim/armor_detector/src/detector_node.cpp:260:54:[m[K [01;31m[Kerror: [m[Kbase operand of ‚Äò[01m[K->[m[K‚Äô is not a pointer
[2.021s]   260 |       detector_->debug_armors.data.begin(), detector_[01;31m[K->[m[Kdebug_armors.data.end(),
[2.021s]       |                                                      [01;31m[K^~[m[K
[2.028s] [01m[K/home/zjy/Inference-for-RDKx5/autoaim/rm_auto_aim/armor_detector/src/detector_node.cpp:263:5:[m[K [01;31m[Kerror: [m[K‚Äò[01m[Klights_data_pub_[m[K‚Äô was not declared in this scope
[2.028s]   263 |     [01;31m[Klights_data_pub_[m[K->publish(detector_->debug_lights);
[2.028s]       |     [01;31m[K^~~~~~~~~~~~~~~~[m[K
[2.028s] [01m[K/home/zjy/Inference-for-RDKx5/autoaim/rm_auto_aim/armor_detector/src/detector_node.cpp:263:40:[m[K [01;31m[Kerror: [m[Kbase operand of ‚Äò[01m[K->[m[K‚Äô is not a pointer
[2.028s]   263 |     lights_data_pub_->publish(detector_[01;31m[K->[m[Kdebug_lights);
[2.028s]       |                                        [01;31m[K^~[m[K
[2.034s] [01m[K/home/zjy/Inference-for-RDKx5/autoaim/rm_auto_aim/armor_detector/src/detector_node.cpp:264:5:[m[K [01;31m[Kerror: [m[K‚Äò[01m[Karmors_data_pub_[m[K‚Äô was not declared in this scope; did you mean ‚Äò[01m[Karmors_pub_[m[K‚Äô?
[2.034s]   264 |     [01;31m[Karmors_data_pub_[m[K->publish(detector_->debug_armors);
[2.034s]       |     [01;31m[K^~~~~~~~~~~~~~~~[m[K
[2.034s]       |     [32m[Karmors_pub_[m[K
[2.034s] [01m[K/home/zjy/Inference-for-RDKx5/autoaim/rm_auto_aim/armor_detector/src/detector_node.cpp:264:40:[m[K [01;31m[Kerror: [m[Kbase operand of ‚Äò[01m[K->[m[K‚Äô is not a pointer
[2.034s]   264 |     armors_data_pub_->publish(detector_[01;31m[K->[m[Kdebug_armors);
[2.034s]       |                                        [01;31m[K^~[m[K
[2.034s] [01m[K/home/zjy/Inference-for-RDKx5/autoaim/rm_auto_aim/armor_detector/src/detector_node.cpp:267:35:[m[K [01;31m[Kerror: [m[Kbase operand of ‚Äò[01m[K->[m[K‚Äô is not a pointer
[2.034s]   267 |       auto all_num_img = detector_[01;31m[K->[m[KgetAllNumbersImage();
[2.034s]       |                                   [01;31m[K^~[m[K
[2.034s] [01m[K/home/zjy/Inference-for-RDKx5/autoaim/rm_auto_aim/armor_detector/src/detector_node.cpp:272:14:[m[K [01;31m[Kerror: [m[Kbase operand of ‚Äò[01m[K->[m[K‚Äô is not a pointer
[2.034s]   272 |     detector_[01;31m[K->[m[KdrawResults(img);
[2.034s]       |              [01;31m[K^~[m[K
[2.042s] [01m[K/home/zjy/Inference-for-RDKx5/autoaim/rm_auto_aim/armor_detector/src/detector_node.cpp:[m[K In member function ‚Äò[01m[Kvoid rm_auto_aim::ArmorDetectorNode::createDebugPublishers()[m[K‚Äô:
[2.042s] [01m[K/home/zjy/Inference-for-RDKx5/autoaim/rm_auto_aim/armor_detector/src/detector_node.cpp:289:3:[m[K [01;31m[Kerror: [m[K‚Äò[01m[Klights_data_pub_[m[K‚Äô was not declared in this scope
[2.042s]   289 |   [01;31m[Klights_data_pub_[m[K =
[2.042s]       |   [01;31m[K^~~~~~~~~~~~~~~~[m[K
[2.043s] [01m[K/home/zjy/Inference-for-RDKx5/autoaim/rm_auto_aim/armor_detector/src/detector_node.cpp:290:54:[m[K [01;31m[Kerror: [m[K‚Äò[01m[KDebugLights[m[K‚Äô is not a member of ‚Äò[01m[Kauto_aim_interfaces::msg[m[K‚Äô
[2.043s]   290 |     this->create_publisher<auto_aim_interfaces::msg::[01;31m[KDebugLights[m[K>("/detector/debug_lights", 10);
[2.043s]       |                                                      [01;31m[K^~~~~~~~~~~[m[K
[2.043s] [01m[K/home/zjy/Inference-for-RDKx5/autoaim/rm_auto_aim/armor_detector/src/detector_node.cpp:290:66:[m[K [01;31m[Kerror: [m[Kno matching function for call to ‚Äò[01m[Krm_auto_aim::ArmorDetectorNode::create_publisher<<expression error> >(const char [23], int)[m[K‚Äô
[2.043s]   290 |     [01;31m[Kthis->create_publisher<auto_aim_interfaces::msg::DebugLights>("/detector/debug_lights", 10)[m[K;
[2.043s]       |     [01;31m[K~~~~~~~~~~~~~~~~~~~~~~~~~~~~~~~~~~~~~~~~~~~~~~~~~~~~~~~~~~~~~^~~~~~~~~~~~~~~~~~~~~~~~~~~~~~[m[K
[2.043s] In file included from [01m[K/opt/ros/humble/include/rclcpp/rclcpp/node.hpp:1321[m[K,
[2.043s]                  from [01m[K/opt/ros/humble/include/image_transport/image_transport/image_transport.hpp:37[m[K,
[2.043s]                  from [01m[K/home/zjy/Inference-for-RDKx5/autoaim/rm_auto_aim/armor_detector/src/detector_node.cpp:11[m[K:
[2.043s] [01m[K/opt/ros/humble/include/rclcpp/rclcpp/node_impl.hpp:73:1:[m[K [01;36m[Knote: [m[Kcandidate: ‚Äò[01m[Ktemplate<class MessageT, class AllocatorT, class PublisherT> std::shared_ptr<PublisherT> rclcpp::Node::create_publisher(const string&, const rclcpp::QoS&, const rclcpp::PublisherOptionsWithAllocator<AllocatorT>&)[m[K‚Äô
[2.043s]    73 | [01;36m[KNode[m[K::create_publisher(
[2.043s]       | [01;36m[K^~~~[m[K
[2.043s] [01m[K/opt/ros/humble/include/rclcpp/rclcpp/node_impl.hpp:73:1:[m[K [01;36m[Knote: [m[K  template argument deduction/substitution failed:
[2.043s] [01m[K/home/zjy/Inference-for-RDKx5/autoaim/rm_auto_aim/armor_detector/src/detector_node.cpp:290:66:[m[K [01;31m[Kerror: [m[Ktemplate argument 1 is invalid
[2.043s]   290 |     [01;31m[Kthis->create_publisher<auto_aim_interfaces::msg::DebugLights>("/detector/debug_lights", 10)[m[K;
[2.043s]       |     [01;31m[K~~~~~~~~~~~~~~~~~~~~~~~~~~~~~~~~~~~~~~~~~~~~~~~~~~~~~~~~~~~~~^~~~~~~~~~~~~~~~~~~~~~~~~~~~~~[m[K
[2.049s] [01m[K/home/zjy/Inference-for-RDKx5/autoaim/rm_auto_aim/armor_detector/src/detector_node.cpp:291:3:[m[K [01;31m[Kerror: [m[K‚Äò[01m[Karmors_data_pub_[m[K‚Äô was not declared in this scope; did you mean ‚Äò[01m[Karmors_pub_[m[K‚Äô?
[2.049s]   291 |   [01;31m[Karmors_data_pub_[m[K =
[2.049s]       |   [01;31m[K^~~~~~~~~~~~~~~~[m[K
[2.049s]       |   [32m[Karmors_pub_[m[K
[2.049s] [01m[K/home/zjy/Inference-for-RDKx5/autoaim/rm_auto_aim/armor_detector/src/detector_node.cpp:292:54:[m[K [01;31m[Kerror: [m[K‚Äò[01m[KDebugArmors[m[K‚Äô is not a member of ‚Äò[01m[Kauto_aim_interfaces::msg[m[K‚Äô
[2.049s]   292 |     this->create_publisher<auto_aim_interfaces::msg::[01;31m[KDebugArmors[m[K>("/detector/debug_armors", 10);
[2.049s]       |                                                      [01;31m[K^~~~~~~~~~~[m[K
[2.049s] [01m[K/home/zjy/Inference-for-RDKx5/autoaim/rm_auto_aim/armor_detector/src/detector_node.cpp:292:66:[m[K [01;31m[Kerror: [m[Kno matching function for call to ‚Äò[01m[Krm_auto_aim::ArmorDetectorNode::create_publisher<<expression error> >(const char [23], int)[m[K‚Äô
[2.049s]   292 |     [01;31m[Kthis->create_publisher<auto_aim_interfaces::msg::DebugArmors>("/detector/debug_armors", 10)[m[K;
[2.049s]       |     [01;31m[K~~~~~~~~~~~~~~~~~~~~~~~~~~~~~~~~~~~~~~~~~~~~~~~~~~~~~~~~~~~~~^~~~~~~~~~~~~~~~~~~~~~~~~~~~~~[m[K
[2.049s] In file included from [01m[K/opt/ros/humble/include/rclcpp/rclcpp/node.hpp:1321[m[K,
[2.049s]                  from [01m[K/opt/ros/humble/include/image_transport/image_transport/image_transport.hpp:37[m[K,
[2.049s]                  from [01m[K/home/zjy/Inference-for-RDKx5/autoaim/rm_auto_aim/armor_detector/src/detector_node.cpp:11[m[K:
[2.049s] [01m[K/opt/ros/humble/include/rclcpp/rclcpp/node_impl.hpp:73:1:[m[K [01;36m[Knote: [m[Kcandidate: ‚Äò[01m[Ktemplate<class MessageT, class AllocatorT, class PublisherT> std::shared_ptr<PublisherT> rclcpp::Node::create_publisher(const string&, const rclcpp::QoS&, const rclcpp::PublisherOptionsWithAllocator<AllocatorT>&)[m[K‚Äô
[2.049s]    73 | [01;36m[KNode[m[K::create_publisher(
[2.049s]       | [01;36m[K^~~~[m[K
[2.049s] [01m[K/opt/ros/humble/include/rclcpp/rclcpp/node_impl.hpp:73:1:[m[K [01;36m[Knote: [m[K  template argument deduction/substitution failed:
[2.049s] [01m[K/home/zjy/Inference-for-RDKx5/autoaim/rm_auto_aim/armor_detector/src/detector_node.cpp:292:66:[m[K [01;31m[Kerror: [m[Ktemplate argument 1 is invalid
[2.049s]   292 |     [01;31m[Kthis->create_publisher<auto_aim_interfaces::msg::DebugArmors>("/detector/debug_armors", 10)[m[K;
[2.049s]       |     [01;31m[K~~~~~~~~~~~~~~~~~~~~~~~~~~~~~~~~~~~~~~~~~~~~~~~~~~~~~~~~~~~~~^~~~~~~~~~~~~~~~~~~~~~~~~~~~~~[m[K
[2.053s] gmake[2]: *** [CMakeFiles/armor_detector.dir/build.make:146ÔºöCMakeFiles/armor_detector.dir/src/yolo11.cpp.o] ÈîôËØØ 1
[2.056s] [01m[K/home/zjy/Inference-for-RDKx5/autoaim/rm_auto_aim/armor_detector/src/detector_node.cpp:[m[K In member function ‚Äò[01m[Kvoid rm_auto_aim::ArmorDetectorNode::destroyDebugPublishers()[m[K‚Äô:
[2.056s] [01m[K/home/zjy/Inference-for-RDKx5/autoaim/rm_auto_aim/armor_detector/src/detector_node.cpp:301:3:[m[K [01;31m[Kerror: [m[K‚Äò[01m[Klights_data_pub_[m[K‚Äô was not declared in this scope
[2.056s]   301 |   [01;31m[Klights_data_pub_[m[K.reset();
[2.056s]       |   [01;31m[K^~~~~~~~~~~~~~~~[m[K
[2.062s] [01m[K/home/zjy/Inference-for-RDKx5/autoaim/rm_auto_aim/armor_detector/src/detector_node.cpp:302:3:[m[K [01;31m[Kerror: [m[K‚Äò[01m[Karmors_data_pub_[m[K‚Äô was not declared in this scope; did you mean ‚Äò[01m[Karmors_pub_[m[K‚Äô?
[2.062s]   302 |   [01;31m[Karmors_data_pub_[m[K.reset();
[2.062s]       |   [01;31m[K^~~~~~~~~~~~~~~~[m[K
[2.062s]       |   [32m[Karmors_pub_[m[K
[5.062s] gmake[2]: *** [CMakeFiles/armor_detector.dir/build.make:90ÔºöCMakeFiles/armor_detector.dir/src/detector_node.cpp.o] ÈîôËØØ 1
[5.062s] gmake[1]: *** [CMakeFiles/Makefile2:161ÔºöCMakeFiles/armor_detector.dir/all] ÈîôËØØ 2
[5.063s] gmake: *** [Makefile:146Ôºöall] ÈîôËØØ 2
[5.064s] Invoked command in '/home/zjy/Inference-for-RDKx5/autoaim/build/armor_detector' returned '2': AMENT_PREFIX_PATH=/home/zjy/Inference-for-RDKx5/autoaim/install/auto_aim_interfaces:${AMENT_PREFIX_PATH} CMAKE_PREFIX_PATH=/home/zjy/Inference-for-RDKx5/autoaim/install/auto_aim_interfaces:/opt/ros/humble LD_LIBRARY_PATH=/home/zjy/Inference-for-RDKx5/autoaim/install/auto_aim_interfaces/lib:/opt/MVS/lib/64:/opt/MVS/lib/32:/opt/ros/humble/opt/rviz_ogre_vendor/lib:/opt/ros/humble/lib/x86_64-linux-gnu:/opt/ros/humble/lib:/opt/MVS/lib/64:/opt/MVS/lib/32:/opt/MVS/lib/64:/opt/MVS/lib/32 PYTHONPATH=/home/zjy/Inference-for-RDKx5/autoaim/install/auto_aim_interfaces/local/lib/python3.10/dist-packages:${PYTHONPATH} /usr/bin/cmake --build /home/zjy/Inference-for-RDKx5/autoaim/build/armor_detector -- -j32 -l32
